{"/home/travis/build/npmtest/node-npmtest-xmldom/test.js":{"path":"/home/travis/build/npmtest/node-npmtest-xmldom/test.js","s":{"1":2,"2":2,"3":2,"4":2,"5":2,"6":2,"7":2,"8":1,"9":2,"10":2,"11":1,"12":1,"13":1,"14":1,"15":2,"16":2,"17":2,"18":2,"19":1,"20":1,"21":2,"22":2,"23":2,"24":1,"25":1,"26":1,"27":1,"28":1,"29":1,"30":1,"31":1,"32":1,"33":1,"34":1,"35":1,"36":1,"37":1,"38":1,"39":2,"40":2,"41":1,"42":2,"43":2,"44":1,"45":2,"46":2,"47":1,"48":2,"49":2,"50":1,"51":1,"52":1,"53":1,"54":1},"b":{"1":[2,1,1,1],"2":[1,1,1,1],"3":[1,1],"4":[1,1],"5":[1,1],"6":[1,1],"7":[1,1],"8":[1,1],"9":[1,1],"10":[1,1,1],"11":[1,1],"12":[1,1],"13":[1,1],"14":[1,1],"15":[1,1],"16":[1,1],"17":[1,1]},"f":{"1":2,"2":2,"3":2,"4":2,"5":2,"6":1,"7":1,"8":1,"9":2,"10":2,"11":2,"12":2,"13":1},"fnMap":{"1":{"name":"(anonymous_1)","line":12,"loc":{"start":{"line":12,"column":1},"end":{"line":12,"column":13}}},"2":{"name":"(anonymous_2)","line":19,"loc":{"start":{"line":19,"column":5},"end":{"line":19,"column":17}}},"3":{"name":"(anonymous_3)","line":23,"loc":{"start":{"line":23,"column":24},"end":{"line":23,"column":36}}},"4":{"name":"(anonymous_4)","line":61,"loc":{"start":{"line":61,"column":5},"end":{"line":61,"column":17}}},"5":{"name":"(anonymous_5)","line":82,"loc":{"start":{"line":82,"column":5},"end":{"line":82,"column":17}}},"6":{"name":"(anonymous_6)","line":91,"loc":{"start":{"line":91,"column":77},"end":{"line":94,"column":10}}},"7":{"name":"(anonymous_7)","line":112,"loc":{"start":{"line":112,"column":83},"end":{"line":115,"column":10}},"skip":true},"8":{"name":"(anonymous_8)","line":123,"loc":{"start":{"line":123,"column":77},"end":{"line":126,"column":10}},"skip":true},"9":{"name":"(anonymous_9)","line":139,"loc":{"start":{"line":139,"column":12},"end":{"line":139,"column":40}},"skip":true},"10":{"name":"(anonymous_10)","line":147,"loc":{"start":{"line":147,"column":77},"end":{"line":150,"column":10}},"skip":true},"11":{"name":"(anonymous_11)","line":158,"loc":{"start":{"line":158,"column":83},"end":{"line":161,"column":10}},"skip":true},"12":{"name":"(anonymous_12)","line":169,"loc":{"start":{"line":169,"column":79},"end":{"line":172,"column":10}},"skip":true},"13":{"name":"(anonymous_13)","line":180,"loc":{"start":{"line":180,"column":75},"end":{"line":183,"column":10}},"skip":true}},"statementMap":{"1":{"start":{"line":12,"column":0},"end":{"line":195,"column":5}},"2":{"start":{"line":14,"column":4},"end":{"line":14,"column":14}},"3":{"start":{"line":19,"column":4},"end":{"line":56,"column":9}},"4":{"start":{"line":21,"column":8},"end":{"line":21,"column":19}},"5":{"start":{"line":23,"column":8},"end":{"line":35,"column":13}},"6":{"start":{"line":24,"column":12},"end":{"line":34,"column":13}},"7":{"start":{"line":25,"column":16},"end":{"line":28,"column":30}},"8":{"start":{"line":30,"column":16},"end":{"line":33,"column":27}},"9":{"start":{"line":37,"column":8},"end":{"line":39,"column":21}},"10":{"start":{"line":40,"column":8},"end":{"line":53,"column":9}},"11":{"start":{"line":43,"column":12},"end":{"line":46,"column":14}},"12":{"start":{"line":47,"column":12},"end":{"line":47,"column":18}},"13":{"start":{"line":50,"column":12},"end":{"line":51,"column":33}},"14":{"start":{"line":52,"column":12},"end":{"line":52,"column":18}},"15":{"start":{"line":55,"column":8},"end":{"line":55,"column":35}},"16":{"start":{"line":61,"column":4},"end":{"line":63,"column":9}},"17":{"start":{"line":62,"column":8},"end":{"line":62,"column":15}},"18":{"start":{"line":64,"column":4},"end":{"line":77,"column":5}},"19":{"start":{"line":70,"column":8},"end":{"line":70,"column":14}},"20":{"start":{"line":76,"column":8},"end":{"line":76,"column":14}},"21":{"start":{"line":82,"column":4},"end":{"line":84,"column":9}},"22":{"start":{"line":83,"column":8},"end":{"line":83,"column":15}},"23":{"start":{"line":85,"column":4},"end":{"line":194,"column":5}},"24":{"start":{"line":91,"column":8},"end":{"line":99,"column":10}},"25":{"start":{"line":98,"column":12},"end":{"line":98,"column":35}},"26":{"start":{"line":102,"column":8},"end":{"line":104,"column":63}},"27":{"start":{"line":105,"column":8},"end":{"line":105,"column":14}},"28":{"start":{"line":112,"column":8},"end":{"line":121,"column":10},"skip":true},"29":{"start":{"line":119,"column":12},"end":{"line":119,"column":55},"skip":true},"30":{"start":{"line":120,"column":12},"end":{"line":120,"column":48},"skip":true},"31":{"start":{"line":123,"column":8},"end":{"line":136,"column":10},"skip":true},"32":{"start":{"line":130,"column":12},"end":{"line":130,"column":76},"skip":true},"33":{"start":{"line":131,"column":12},"end":{"line":131,"column":73},"skip":true},"34":{"start":{"line":132,"column":12},"end":{"line":132,"column":74},"skip":true},"35":{"start":{"line":133,"column":12},"end":{"line":133,"column":79},"skip":true},"36":{"start":{"line":134,"column":12},"end":{"line":134,"column":25},"skip":true},"37":{"start":{"line":135,"column":12},"end":{"line":135,"column":45},"skip":true},"38":{"start":{"line":138,"column":8},"end":{"line":145,"column":14},"skip":true},"39":{"start":{"line":143,"column":16},"end":{"line":143,"column":29},"skip":true},"40":{"start":{"line":144,"column":16},"end":{"line":144,"column":55},"skip":true},"41":{"start":{"line":147,"column":8},"end":{"line":156,"column":10},"skip":true},"42":{"start":{"line":154,"column":12},"end":{"line":154,"column":25},"skip":true},"43":{"start":{"line":155,"column":12},"end":{"line":155,"column":45},"skip":true},"44":{"start":{"line":158,"column":8},"end":{"line":167,"column":10},"skip":true},"45":{"start":{"line":165,"column":12},"end":{"line":165,"column":25},"skip":true},"46":{"start":{"line":166,"column":12},"end":{"line":166,"column":48},"skip":true},"47":{"start":{"line":169,"column":8},"end":{"line":178,"column":10},"skip":true},"48":{"start":{"line":176,"column":12},"end":{"line":176,"column":25},"skip":true},"49":{"start":{"line":177,"column":12},"end":{"line":177,"column":46},"skip":true},"50":{"start":{"line":180,"column":8},"end":{"line":189,"column":10},"skip":true},"51":{"start":{"line":187,"column":12},"end":{"line":187,"column":94},"skip":true},"52":{"start":{"line":188,"column":12},"end":{"line":188,"column":48},"skip":true},"53":{"start":{"line":192,"column":8},"end":{"line":192,"column":35},"skip":true},"54":{"start":{"line":193,"column":8},"end":{"line":193,"column":14},"skip":true}},"branchMap":{"1":{"line":25,"type":"binary-expr","locations":[{"start":{"line":25,"column":23},"end":{"line":25,"column":62}},{"start":{"line":26,"column":20},"end":{"line":26,"column":70}},{"start":{"line":27,"column":20},"end":{"line":27,"column":71}},{"start":{"line":28,"column":20},"end":{"line":28,"column":29}}]},"2":{"line":30,"type":"binary-expr","locations":[{"start":{"line":30,"column":23},"end":{"line":30,"column":37}},{"start":{"line":31,"column":20},"end":{"line":31,"column":61}},{"start":{"line":32,"column":20},"end":{"line":32,"column":70}},{"start":{"line":33,"column":20},"end":{"line":33,"column":26}}]},"3":{"line":37,"type":"cond-expr","locations":[{"start":{"line":38,"column":14},"end":{"line":38,"column":20}},{"start":{"line":39,"column":14},"end":{"line":39,"column":20}}]},"4":{"line":40,"type":"switch","locations":[{"start":{"line":42,"column":8},"end":{"line":47,"column":18}},{"start":{"line":49,"column":8},"end":{"line":52,"column":18}}]},"5":{"line":44,"type":"binary-expr","locations":[{"start":{"line":44,"column":16},"end":{"line":44,"column":44}},{"start":{"line":44,"column":48},"end":{"line":44,"column":66}}]},"6":{"line":50,"type":"binary-expr","locations":[{"start":{"line":50,"column":21},"end":{"line":50,"column":49}},{"start":{"line":50,"column":53},"end":{"line":50,"column":72}}]},"7":{"line":64,"type":"switch","locations":[{"start":{"line":69,"column":4},"end":{"line":70,"column":14}},{"start":{"line":75,"column":4},"end":{"line":76,"column":14}}]},"8":{"line":85,"type":"switch","locations":[{"start":{"line":90,"column":4},"end":{"line":105,"column":14}},{"start":{"line":111,"column":4},"end":{"line":193,"column":14},"skip":true}]},"9":{"line":91,"type":"binary-expr","locations":[{"start":{"line":91,"column":42},"end":{"line":91,"column":73}},{"start":{"line":91,"column":77},"end":{"line":99,"column":9}}]},"10":{"line":102,"type":"binary-expr","locations":[{"start":{"line":102,"column":18},"end":{"line":102,"column":32}},{"start":{"line":103,"column":12},"end":{"line":103,"column":53}},{"start":{"line":104,"column":12},"end":{"line":104,"column":61}}]},"11":{"line":112,"type":"binary-expr","locations":[{"start":{"line":112,"column":45},"end":{"line":112,"column":79},"skip":true},{"start":{"line":112,"column":83},"end":{"line":121,"column":9},"skip":true}]},"12":{"line":123,"type":"binary-expr","locations":[{"start":{"line":123,"column":42},"end":{"line":123,"column":73},"skip":true},{"start":{"line":123,"column":77},"end":{"line":136,"column":9},"skip":true}]},"13":{"line":138,"type":"binary-expr","locations":[{"start":{"line":138,"column":48},"end":{"line":138,"column":85},"skip":true},{"start":{"line":139,"column":12},"end":{"line":145,"column":13},"skip":true}]},"14":{"line":147,"type":"binary-expr","locations":[{"start":{"line":147,"column":42},"end":{"line":147,"column":73},"skip":true},{"start":{"line":147,"column":77},"end":{"line":156,"column":9},"skip":true}]},"15":{"line":158,"type":"binary-expr","locations":[{"start":{"line":158,"column":45},"end":{"line":158,"column":79},"skip":true},{"start":{"line":158,"column":83},"end":{"line":167,"column":9},"skip":true}]},"16":{"line":169,"type":"binary-expr","locations":[{"start":{"line":169,"column":43},"end":{"line":169,"column":75},"skip":true},{"start":{"line":169,"column":79},"end":{"line":178,"column":9},"skip":true}]},"17":{"line":180,"type":"binary-expr","locations":[{"start":{"line":180,"column":41},"end":{"line":180,"column":71},"skip":true},{"start":{"line":180,"column":75},"end":{"line":189,"column":9},"skip":true}]}},"code":["/* istanbul instrument in package npmtest_xmldom */","/*jslint","    bitwise: true,","    browser: true,","    maxerr: 8,","    maxlen: 96,","    node: true,","    nomen: true,","    regexp: true,","    stupid: true","*/","(function () {","    'use strict';","    var local;","","","","    // run shared js-env code - init-before","    (function () {","        // init local","        local = {};","        // init modeJs","        local.modeJs = (function () {","            try {","                return typeof navigator.userAgent === 'string' &&","                    typeof document.querySelector('body') === 'object' &&","                    typeof XMLHttpRequest.prototype.open === 'function' &&","                    'browser';","            } catch (errorCaughtBrowser) {","                return module.exports &&","                    typeof process.versions.node === 'string' &&","                    typeof require('http').createServer === 'function' &&","                    'node';","            }","        }());","        // init global","        local.global = local.modeJs === 'browser'","            ? window","            : global;","        switch (local.modeJs) {","        // re-init local from window.local","        case 'browser':","            local = local.global.utility2.objectSetDefault(","                local.global.utility2_rollup || local.global.local,","                local.global.utility2","            );","            break;","        // re-init local from example.js","        case 'node':","            local = (local.global.utility2_rollup || require('utility2'))","                .requireReadme();","            break;","        }","        // export local","        local.global.local = local;","    }());","","","","    // run shared js-env code - function","    (function () {","        return;","    }());","    switch (local.modeJs) {","","","","    // run browser js-env code - function","    case 'browser':","        break;","","","","    // run node js-env code - function","    case 'node':","        break;","    }","","","","    // run shared js-env code - init-after","    (function () {","        return;","    }());","    switch (local.modeJs) {","","","","    // run browser js-env code - init-after","    case 'browser':","        local.testCase_browser_nullCase = local.testCase_browser_nullCase || function (","            options,","            onError","        ) {","        /*","         * this function will test browsers's null-case handling-behavior-behavior","         */","            onError(null, options);","        };","","        // run tests","        local.nop(local.modeTest &&","            document.querySelector('#testRunButton1') &&","            document.querySelector('#testRunButton1').click());","        break;","","","","    // run node js-env code - init-after","    /* istanbul ignore next */","    case 'node':","        local.testCase_buildApidoc_default = local.testCase_buildApidoc_default || function (","            options,","            onError","        ) {","        /*","         * this function will test buildApidoc's default handling-behavior-behavior","         */","            options = { modulePathList: module.paths };","            local.buildApidoc(options, onError);","        };","","        local.testCase_buildApp_default = local.testCase_buildApp_default || function (","            options,","            onError","        ) {","        /*","         * this function will test buildApp's default handling-behavior-behavior","         */","            local.testCase_buildReadme_default(options, local.onErrorThrow);","            local.testCase_buildLib_default(options, local.onErrorThrow);","            local.testCase_buildTest_default(options, local.onErrorThrow);","            local.testCase_buildCustomOrg_default(options, local.onErrorThrow);","            options = [];","            local.buildApp(options, onError);","        };","","        local.testCase_buildCustomOrg_default = local.testCase_buildCustomOrg_default ||","            function (options, onError) {","            /*","             * this function will test buildCustomOrg's default handling-behavior","             */","                options = {};","                local.buildCustomOrg(options, onError);","            };","","        local.testCase_buildLib_default = local.testCase_buildLib_default || function (","            options,","            onError","        ) {","        /*","         * this function will test buildLib's default handling-behavior","         */","            options = {};","            local.buildLib(options, onError);","        };","","        local.testCase_buildReadme_default = local.testCase_buildReadme_default || function (","            options,","            onError","        ) {","        /*","         * this function will test buildReadme's default handling-behavior-behavior","         */","            options = {};","            local.buildReadme(options, onError);","        };","","        local.testCase_buildTest_default = local.testCase_buildTest_default || function (","            options,","            onError","        ) {","        /*","         * this function will test buildTest's default handling-behavior","         */","            options = {};","            local.buildTest(options, onError);","        };","","        local.testCase_webpage_default = local.testCase_webpage_default || function (","            options,","            onError","        ) {","        /*","         * this function will test webpage's default handling-behavior","         */","            options = { modeCoverageMerge: true, url: local.serverLocalHost + '?modeTest=1' };","            local.browserTest(options, onError);","        };","","        // run test-server","        local.testRunServer(local);","        break;","    }","}());",""],"l":{"12":2,"14":2,"19":2,"21":2,"23":2,"24":2,"25":2,"30":1,"37":2,"40":2,"43":1,"47":1,"50":1,"52":1,"55":2,"61":2,"62":2,"64":2,"70":1,"76":1,"82":2,"83":2,"85":2,"91":1,"98":1,"102":1,"105":1,"112":1,"119":1,"120":1,"123":1,"130":1,"131":1,"132":1,"133":1,"134":1,"135":1,"138":1,"143":2,"144":2,"147":1,"154":2,"155":2,"158":1,"165":2,"166":2,"169":1,"176":2,"177":2,"180":1,"187":1,"188":1,"192":1,"193":1}},"/home/travis/build/npmtest/node-npmtest-xmldom/lib.npmtest_xmldom.js":{"path":"/home/travis/build/npmtest/node-npmtest-xmldom/lib.npmtest_xmldom.js","s":{"1":2,"2":2,"3":2,"4":2,"5":2,"6":2,"7":2,"8":1,"9":2,"10":2,"11":2,"12":2,"13":1,"14":1,"15":1,"16":1},"b":{"1":[2,1,1,1],"2":[1,1,1,1],"3":[1,1],"4":[2,2],"5":[1,1]},"f":{"1":2,"2":2,"3":2},"fnMap":{"1":{"name":"(anonymous_1)","line":12,"loc":{"start":{"line":12,"column":1},"end":{"line":12,"column":13}}},"2":{"name":"(anonymous_2)","line":19,"loc":{"start":{"line":19,"column":5},"end":{"line":19,"column":17}}},"3":{"name":"(anonymous_3)","line":23,"loc":{"start":{"line":23,"column":24},"end":{"line":23,"column":36}}}},"statementMap":{"1":{"start":{"line":12,"column":0},"end":{"line":53,"column":5}},"2":{"start":{"line":14,"column":4},"end":{"line":14,"column":14}},"3":{"start":{"line":19,"column":4},"end":{"line":52,"column":9}},"4":{"start":{"line":21,"column":8},"end":{"line":21,"column":19}},"5":{"start":{"line":23,"column":8},"end":{"line":35,"column":13}},"6":{"start":{"line":24,"column":12},"end":{"line":34,"column":13}},"7":{"start":{"line":25,"column":16},"end":{"line":28,"column":30}},"8":{"start":{"line":30,"column":16},"end":{"line":33,"column":27}},"9":{"start":{"line":37,"column":8},"end":{"line":39,"column":21}},"10":{"start":{"line":41,"column":8},"end":{"line":41,"column":54}},"11":{"start":{"line":43,"column":8},"end":{"line":43,"column":51}},"12":{"start":{"line":45,"column":8},"end":{"line":51,"column":9}},"13":{"start":{"line":46,"column":12},"end":{"line":46,"column":57}},"14":{"start":{"line":48,"column":12},"end":{"line":48,"column":35}},"15":{"start":{"line":49,"column":12},"end":{"line":49,"column":49}},"16":{"start":{"line":50,"column":12},"end":{"line":50,"column":43}}},"branchMap":{"1":{"line":25,"type":"binary-expr","locations":[{"start":{"line":25,"column":23},"end":{"line":25,"column":62}},{"start":{"line":26,"column":20},"end":{"line":26,"column":70}},{"start":{"line":27,"column":20},"end":{"line":27,"column":71}},{"start":{"line":28,"column":20},"end":{"line":28,"column":29}}]},"2":{"line":30,"type":"binary-expr","locations":[{"start":{"line":30,"column":23},"end":{"line":30,"column":37}},{"start":{"line":31,"column":20},"end":{"line":31,"column":61}},{"start":{"line":32,"column":20},"end":{"line":32,"column":70}},{"start":{"line":33,"column":20},"end":{"line":33,"column":26}}]},"3":{"line":37,"type":"cond-expr","locations":[{"start":{"line":38,"column":14},"end":{"line":38,"column":20}},{"start":{"line":39,"column":14},"end":{"line":39,"column":20}}]},"4":{"line":41,"type":"binary-expr","locations":[{"start":{"line":41,"column":16},"end":{"line":41,"column":44}},{"start":{"line":41,"column":48},"end":{"line":41,"column":53}}]},"5":{"line":45,"type":"if","locations":[{"start":{"line":45,"column":8},"end":{"line":45,"column":8}},{"start":{"line":45,"column":8},"end":{"line":45,"column":8}}]}},"code":["/* istanbul instrument in package npmtest_xmldom */","/*jslint","    bitwise: true,","    browser: true,","    maxerr: 8,","    maxlen: 96,","    node: true,","    nomen: true,","    regexp: true,","    stupid: true","*/","(function () {","    'use strict';","    var local;","","","","    // run shared js-env code - init-before","    (function () {","        // init local","        local = {};","        // init modeJs","        local.modeJs = (function () {","            try {","                return typeof navigator.userAgent === 'string' &&","                    typeof document.querySelector('body') === 'object' &&","                    typeof XMLHttpRequest.prototype.open === 'function' &&","                    'browser';","            } catch (errorCaughtBrowser) {","                return module.exports &&","                    typeof process.versions.node === 'string' &&","                    typeof require('http').createServer === 'function' &&","                    'node';","            }","        }());","        // init global","        local.global = local.modeJs === 'browser'","            ? window","            : global;","        // init utility2_rollup","        local = local.global.utility2_rollup || local;","        // init lib","        local.local = local.npmtest_xmldom = local;","        // init exports","        if (local.modeJs === 'browser') {","            local.global.utility2_npmtest_xmldom = local;","        } else {","            module.exports = local;","            module.exports.__dirname = __dirname;","            module.exports.module = module;","        }","    }());","}());",""],"l":{"12":2,"14":2,"19":2,"21":2,"23":2,"24":2,"25":2,"30":1,"37":2,"41":2,"43":2,"45":2,"46":1,"48":1,"49":1,"50":1}},"/home/travis/build/npmtest/node-npmtest-xmldom/example.js":{"path":"/home/travis/build/npmtest/node-npmtest-xmldom/example.js","s":{"1":2,"2":2,"3":2,"4":2,"5":2,"6":2,"7":2,"8":1,"9":2,"10":2,"11":2,"12":2,"13":1,"14":2,"15":2,"16":2,"17":2,"18":2,"19":0,"20":2,"21":1,"22":1,"23":1,"24":1,"25":1,"26":0,"27":0,"28":1,"29":1,"30":2,"31":0,"32":0,"33":0,"34":1,"35":2,"36":2,"37":3,"38":3,"39":3,"40":3,"41":0,"42":3,"43":3,"44":3,"45":1,"46":3,"47":1,"48":1,"49":1,"50":1,"51":1,"52":1,"53":1,"54":1,"55":1,"56":1,"57":0,"58":1,"59":6,"60":6,"61":1,"62":2,"63":0,"64":2,"65":1,"66":1,"67":0,"68":0,"69":0,"70":0,"71":0,"72":0,"73":0,"74":0,"75":0,"76":0,"77":0,"78":0,"79":0,"80":0,"81":0,"82":0,"83":0},"b":{"1":[2,1,1,1],"2":[1,1,1,1],"3":[1,1],"4":[2,2],"5":[1,1],"6":[1,1],"7":[2,0],"8":[2,1,1,1,1,1],"9":[0,2,0],"10":[1,1],"11":[2,1,1],"12":[1,0],"13":[0,2],"14":[2,0,0,0,0,0,0],"15":[0,3],"16":[3,0],"17":[1,1],"18":[0,1],"19":[1,2,0,2],"20":[1,0],"21":[1,1],"22":[0,0],"23":[0,0],"24":[0,0],"25":[0,0],"26":[0,0],"27":[0,0],"28":[0,0]},"f":{"1":2,"2":2,"3":2,"4":2,"5":2,"6":2,"7":3,"8":3,"9":3,"10":1,"11":6,"12":0},"fnMap":{"1":{"name":"(anonymous_1)","line":26,"loc":{"start":{"line":26,"column":1},"end":{"line":26,"column":13}}},"2":{"name":"(anonymous_2)","line":33,"loc":{"start":{"line":33,"column":5},"end":{"line":33,"column":17}}},"3":{"name":"(anonymous_3)","line":37,"loc":{"start":{"line":37,"column":24},"end":{"line":37,"column":36}}},"4":{"name":"(anonymous_4)","line":69,"loc":{"start":{"line":69,"column":31},"end":{"line":69,"column":48}},"skip":true},"5":{"name":"(anonymous_5)","line":78,"loc":{"start":{"line":78,"column":26},"end":{"line":78,"column":45}},"skip":true},"6":{"name":"(anonymous_6)","line":123,"loc":{"start":{"line":123,"column":33},"end":{"line":123,"column":48}},"skip":true},"7":{"name":"(anonymous_7)","line":125,"loc":{"start":{"line":125,"column":27},"end":{"line":125,"column":39}},"skip":true},"8":{"name":"(anonymous_8)","line":133,"loc":{"start":{"line":133,"column":59},"end":{"line":133,"column":74}},"skip":true},"9":{"name":"(anonymous_9)","line":143,"loc":{"start":{"line":143,"column":45},"end":{"line":143,"column":62}},"skip":true},"10":{"name":"(anonymous_10)","line":144,"loc":{"start":{"line":144,"column":73},"end":{"line":144,"column":92}},"skip":true},"11":{"name":"(anonymous_11)","line":272,"loc":{"start":{"line":272,"column":51},"end":{"line":272,"column":77}},"skip":true},"12":{"name":"(anonymous_12)","line":315,"loc":{"start":{"line":315,"column":32},"end":{"line":315,"column":61}},"skip":true}},"statementMap":{"1":{"start":{"line":26,"column":0},"end":{"line":326,"column":5}},"2":{"start":{"line":28,"column":4},"end":{"line":28,"column":14}},"3":{"start":{"line":33,"column":4},"end":{"line":60,"column":9}},"4":{"start":{"line":35,"column":8},"end":{"line":35,"column":19}},"5":{"start":{"line":37,"column":8},"end":{"line":49,"column":13}},"6":{"start":{"line":38,"column":12},"end":{"line":48,"column":13}},"7":{"start":{"line":39,"column":16},"end":{"line":42,"column":30}},"8":{"start":{"line":44,"column":16},"end":{"line":47,"column":27}},"9":{"start":{"line":51,"column":8},"end":{"line":53,"column":21}},"10":{"start":{"line":55,"column":8},"end":{"line":57,"column":45}},"11":{"start":{"line":59,"column":8},"end":{"line":59,"column":35}},"12":{"start":{"line":61,"column":4},"end":{"line":325,"column":5}},"13":{"start":{"line":69,"column":8},"end":{"line":121,"column":10},"skip":true},"14":{"start":{"line":70,"column":12},"end":{"line":88,"column":13},"skip":true},"15":{"start":{"line":76,"column":16},"end":{"line":87,"column":19},"skip":true},"16":{"start":{"line":79,"column":20},"end":{"line":86,"column":21},"skip":true},"17":{"start":{"line":82,"column":24},"end":{"line":82,"column":43},"skip":true},"18":{"start":{"line":83,"column":24},"end":{"line":83,"column":30},"skip":true},"19":{"start":{"line":85,"column":24},"end":{"line":85,"column":49},"skip":true},"20":{"start":{"line":89,"column":12},"end":{"line":107,"column":13},"skip":true},"21":{"start":{"line":92,"column":16},"end":{"line":102,"column":17},"skip":true},"22":{"start":{"line":93,"column":20},"end":{"line":93,"column":86},"skip":true},"23":{"start":{"line":94,"column":20},"end":{"line":95,"column":45},"skip":true},"24":{"start":{"line":96,"column":20},"end":{"line":96,"column":42},"skip":true},"25":{"start":{"line":97,"column":20},"end":{"line":97,"column":48},"skip":true},"26":{"start":{"line":100,"column":20},"end":{"line":100,"column":85},"skip":true},"27":{"start":{"line":101,"column":20},"end":{"line":101,"column":96},"skip":true},"28":{"start":{"line":103,"column":16},"end":{"line":103,"column":22},"skip":true},"29":{"start":{"line":106,"column":16},"end":{"line":106,"column":22},"skip":true},"30":{"start":{"line":108,"column":12},"end":{"line":120,"column":13},"skip":true},"31":{"start":{"line":114,"column":16},"end":{"line":119,"column":17},"skip":true},"32":{"start":{"line":116,"column":20},"end":{"line":116,"column":78},"skip":true},"33":{"start":{"line":118,"column":20},"end":{"line":118,"column":47},"skip":true},"34":{"start":{"line":123,"column":8},"end":{"line":141,"column":11},"skip":true},"35":{"start":{"line":124,"column":12},"end":{"line":124,"column":54},"skip":true},"36":{"start":{"line":125,"column":12},"end":{"line":140,"column":14},"skip":true},"37":{"start":{"line":126,"column":16},"end":{"line":126,"column":28},"skip":true},"38":{"start":{"line":127,"column":16},"end":{"line":127,"column":69},"skip":true},"39":{"start":{"line":128,"column":16},"end":{"line":128,"column":75},"skip":true},"40":{"start":{"line":129,"column":16},"end":{"line":131,"column":17},"skip":true},"41":{"start":{"line":130,"column":20},"end":{"line":130,"column":27},"skip":true},"42":{"start":{"line":133,"column":16},"end":{"line":137,"column":36},"skip":true},"43":{"start":{"line":134,"column":20},"end":{"line":136,"column":55},"skip":true},"44":{"start":{"line":139,"column":16},"end":{"line":139,"column":57},"skip":true},"45":{"start":{"line":143,"column":8},"end":{"line":147,"column":11},"skip":true},"46":{"start":{"line":144,"column":12},"end":{"line":146,"column":15},"skip":true},"47":{"start":{"line":145,"column":16},"end":{"line":145,"column":70},"skip":true},"48":{"start":{"line":149,"column":8},"end":{"line":149,"column":31},"skip":true},"49":{"start":{"line":150,"column":8},"end":{"line":150,"column":14},"skip":true},"50":{"start":{"line":158,"column":8},"end":{"line":158,"column":31},"skip":true},"51":{"start":{"line":160,"column":8},"end":{"line":160,"column":33},"skip":true},"52":{"start":{"line":161,"column":8},"end":{"line":161,"column":37},"skip":true},"53":{"start":{"line":162,"column":8},"end":{"line":162,"column":35},"skip":true},"54":{"start":{"line":164,"column":8},"end":{"line":164,"column":50},"skip":true},"55":{"start":{"line":166,"column":8},"end":{"line":256,"column":2},"skip":true},"56":{"start":{"line":258,"column":8},"end":{"line":286,"column":9},"skip":true},"57":{"start":{"line":259,"column":12},"end":{"line":269,"column":14},"skip":true},"58":{"start":{"line":271,"column":12},"end":{"line":285,"column":19},"skip":true},"59":{"start":{"line":274,"column":20},"end":{"line":274,"column":35},"skip":true},"60":{"start":{"line":275,"column":20},"end":{"line":284,"column":21},"skip":true},"61":{"start":{"line":277,"column":24},"end":{"line":277,"column":64},"skip":true},"62":{"start":{"line":279,"column":24},"end":{"line":279,"column":40},"skip":true},"63":{"start":{"line":281,"column":24},"end":{"line":281,"column":40},"skip":true},"64":{"start":{"line":283,"column":24},"end":{"line":283,"column":39},"skip":true},"65":{"start":{"line":288,"column":8},"end":{"line":290,"column":9},"skip":true},"66":{"start":{"line":289,"column":12},"end":{"line":289,"column":18},"skip":true},"67":{"start":{"line":291,"column":8},"end":{"line":293,"column":54},"skip":true},"68":{"start":{"line":296,"column":8},"end":{"line":301,"column":37},"skip":true},"69":{"start":{"line":303,"column":8},"end":{"line":303,"column":82},"skip":true},"70":{"start":{"line":306,"column":8},"end":{"line":308,"column":9},"skip":true},"71":{"start":{"line":307,"column":12},"end":{"line":307,"column":82},"skip":true},"72":{"start":{"line":310,"column":8},"end":{"line":312,"column":9},"skip":true},"73":{"start":{"line":311,"column":12},"end":{"line":311,"column":18},"skip":true},"74":{"start":{"line":313,"column":8},"end":{"line":313,"column":54},"skip":true},"75":{"start":{"line":314,"column":8},"end":{"line":314,"column":69},"skip":true},"76":{"start":{"line":315,"column":8},"end":{"line":323,"column":36},"skip":true},"77":{"start":{"line":316,"column":12},"end":{"line":316,"column":61},"skip":true},"78":{"start":{"line":317,"column":12},"end":{"line":320,"column":13},"skip":true},"79":{"start":{"line":318,"column":16},"end":{"line":318,"column":75},"skip":true},"80":{"start":{"line":319,"column":16},"end":{"line":319,"column":23},"skip":true},"81":{"start":{"line":321,"column":12},"end":{"line":321,"column":38},"skip":true},"82":{"start":{"line":322,"column":12},"end":{"line":322,"column":27},"skip":true},"83":{"start":{"line":324,"column":8},"end":{"line":324,"column":14},"skip":true}},"branchMap":{"1":{"line":39,"type":"binary-expr","locations":[{"start":{"line":39,"column":23},"end":{"line":39,"column":62}},{"start":{"line":40,"column":20},"end":{"line":40,"column":70}},{"start":{"line":41,"column":20},"end":{"line":41,"column":71}},{"start":{"line":42,"column":20},"end":{"line":42,"column":29}}]},"2":{"line":44,"type":"binary-expr","locations":[{"start":{"line":44,"column":23},"end":{"line":44,"column":37}},{"start":{"line":45,"column":20},"end":{"line":45,"column":61}},{"start":{"line":46,"column":20},"end":{"line":46,"column":70}},{"start":{"line":47,"column":20},"end":{"line":47,"column":26}}]},"3":{"line":51,"type":"cond-expr","locations":[{"start":{"line":52,"column":14},"end":{"line":52,"column":20}},{"start":{"line":53,"column":14},"end":{"line":53,"column":20}}]},"4":{"line":55,"type":"binary-expr","locations":[{"start":{"line":55,"column":16},"end":{"line":55,"column":44}},{"start":{"line":55,"column":49},"end":{"line":57,"column":43}}]},"5":{"line":55,"type":"cond-expr","locations":[{"start":{"line":56,"column":14},"end":{"line":56,"column":50}},{"start":{"line":57,"column":14},"end":{"line":57,"column":43}}]},"6":{"line":61,"type":"switch","locations":[{"start":{"line":68,"column":4},"end":{"line":150,"column":14},"skip":true},{"start":{"line":156,"column":4},"end":{"line":324,"column":14},"skip":true}]},"7":{"line":70,"type":"if","locations":[{"start":{"line":70,"column":12},"end":{"line":70,"column":12},"skip":true},{"start":{"line":70,"column":12},"end":{"line":70,"column":12},"skip":true}]},"8":{"line":70,"type":"binary-expr","locations":[{"start":{"line":70,"column":16},"end":{"line":70,"column":22},"skip":true},{"start":{"line":70,"column":27},"end":{"line":70,"column":32},"skip":true},{"start":{"line":71,"column":20},"end":{"line":71,"column":39},"skip":true},{"start":{"line":72,"column":20},"end":{"line":72,"column":49},"skip":true},{"start":{"line":73,"column":20},"end":{"line":73,"column":58},"skip":true},{"start":{"line":74,"column":20},"end":{"line":74,"column":69},"skip":true}]},"9":{"line":79,"type":"switch","locations":[{"start":{"line":80,"column":20},"end":{"line":80,"column":33},"skip":true},{"start":{"line":81,"column":20},"end":{"line":83,"column":30},"skip":true},{"start":{"line":84,"column":20},"end":{"line":85,"column":49},"skip":true}]},"10":{"line":89,"type":"switch","locations":[{"start":{"line":90,"column":12},"end":{"line":103,"column":22},"skip":true},{"start":{"line":105,"column":12},"end":{"line":106,"column":22},"skip":true}]},"11":{"line":89,"type":"binary-expr","locations":[{"start":{"line":89,"column":20},"end":{"line":89,"column":25},"skip":true},{"start":{"line":89,"column":29},"end":{"line":89,"column":48},"skip":true},{"start":{"line":89,"column":52},"end":{"line":89,"column":74},"skip":true}]},"12":{"line":92,"type":"if","locations":[{"start":{"line":92,"column":16},"end":{"line":92,"column":16},"skip":true},{"start":{"line":92,"column":16},"end":{"line":92,"column":16},"skip":true}]},"13":{"line":108,"type":"if","locations":[{"start":{"line":108,"column":12},"end":{"line":108,"column":12},"skip":true},{"start":{"line":108,"column":12},"end":{"line":108,"column":12},"skip":true}]},"14":{"line":108,"type":"binary-expr","locations":[{"start":{"line":108,"column":16},"end":{"line":108,"column":61},"skip":true},{"start":{"line":108,"column":66},"end":{"line":108,"column":72},"skip":true},{"start":{"line":108,"column":77},"end":{"line":108,"column":82},"skip":true},{"start":{"line":109,"column":20},"end":{"line":109,"column":39},"skip":true},{"start":{"line":110,"column":20},"end":{"line":110,"column":49},"skip":true},{"start":{"line":111,"column":20},"end":{"line":111,"column":58},"skip":true},{"start":{"line":112,"column":20},"end":{"line":112,"column":68},"skip":true}]},"15":{"line":129,"type":"if","locations":[{"start":{"line":129,"column":16},"end":{"line":129,"column":16},"skip":true},{"start":{"line":129,"column":16},"end":{"line":129,"column":16},"skip":true}]},"16":{"line":134,"type":"cond-expr","locations":[{"start":{"line":135,"column":26},"end":{"line":135,"column":29},"skip":true},{"start":{"line":136,"column":26},"end":{"line":136,"column":54},"skip":true}]},"17":{"line":164,"type":"binary-expr","locations":[{"start":{"line":164,"column":27},"end":{"line":164,"column":43},"skip":true},{"start":{"line":164,"column":47},"end":{"line":164,"column":49},"skip":true}]},"18":{"line":258,"type":"if","locations":[{"start":{"line":258,"column":8},"end":{"line":258,"column":8},"skip":true},{"start":{"line":258,"column":8},"end":{"line":258,"column":8},"skip":true}]},"19":{"line":275,"type":"switch","locations":[{"start":{"line":276,"column":20},"end":{"line":277,"column":64},"skip":true},{"start":{"line":278,"column":20},"end":{"line":279,"column":40},"skip":true},{"start":{"line":280,"column":20},"end":{"line":281,"column":40},"skip":true},{"start":{"line":282,"column":20},"end":{"line":283,"column":39},"skip":true}]},"20":{"line":288,"type":"if","locations":[{"start":{"line":288,"column":8},"end":{"line":288,"column":8},"skip":true},{"start":{"line":288,"column":8},"end":{"line":288,"column":8},"skip":true}]},"21":{"line":288,"type":"binary-expr","locations":[{"start":{"line":288,"column":12},"end":{"line":288,"column":40},"skip":true},{"start":{"line":288,"column":44},"end":{"line":288,"column":67},"skip":true}]},"22":{"line":292,"type":"binary-expr","locations":[{"start":{"line":292,"column":12},"end":{"line":292,"column":50},"skip":true},{"start":{"line":293,"column":12},"end":{"line":293,"column":53},"skip":true}]},"23":{"line":297,"type":"binary-expr","locations":[{"start":{"line":297,"column":12},"end":{"line":297,"column":64},"skip":true},{"start":{"line":298,"column":12},"end":{"line":301,"column":36},"skip":true}]},"24":{"line":303,"type":"binary-expr","locations":[{"start":{"line":303,"column":43},"end":{"line":303,"column":75},"skip":true},{"start":{"line":303,"column":79},"end":{"line":303,"column":81},"skip":true}]},"25":{"line":306,"type":"if","locations":[{"start":{"line":306,"column":8},"end":{"line":306,"column":8},"skip":true},{"start":{"line":306,"column":8},"end":{"line":306,"column":8},"skip":true}]},"26":{"line":310,"type":"if","locations":[{"start":{"line":310,"column":8},"end":{"line":310,"column":8},"skip":true},{"start":{"line":310,"column":8},"end":{"line":310,"column":8},"skip":true}]},"27":{"line":313,"type":"binary-expr","locations":[{"start":{"line":313,"column":27},"end":{"line":313,"column":43},"skip":true},{"start":{"line":313,"column":47},"end":{"line":313,"column":53},"skip":true}]},"28":{"line":317,"type":"if","locations":[{"start":{"line":317,"column":12},"end":{"line":317,"column":12},"skip":true},{"start":{"line":317,"column":12},"end":{"line":317,"column":12},"skip":true}]}},"code":["/*","example.js","","quickstart example","","instruction","    1. save this script as example.js","    2. run the shell command:","        $ npm install npmtest-xmldom && PORT=8081 node example.js","    3. play with the browser-demo on http://127.0.0.1:8081","*/","","","","/* istanbul instrument in package npmtest_xmldom */","/*jslint","    bitwise: true,","    browser: true,","    maxerr: 8,","    maxlen: 96,","    node: true,","    nomen: true,","    regexp: true,","    stupid: true","*/","(function () {","    'use strict';","    var local;","","","","    // run shared js-env code - init-before","    (function () {","        // init local","        local = {};","        // init modeJs","        local.modeJs = (function () {","            try {","                return typeof navigator.userAgent === 'string' &&","                    typeof document.querySelector('body') === 'object' &&","                    typeof XMLHttpRequest.prototype.open === 'function' &&","                    'browser';","            } catch (errorCaughtBrowser) {","                return module.exports &&","                    typeof process.versions.node === 'string' &&","                    typeof require('http').createServer === 'function' &&","                    'node';","            }","        }());","        // init global","        local.global = local.modeJs === 'browser'","            ? window","            : global;","        // init utility2_rollup","        local = local.global.utility2_rollup || (local.modeJs === 'browser'","            ? local.global.utility2_npmtest_xmldom","            : global.utility2_moduleExports);","        // export local","        local.global.local = local;","    }());","    switch (local.modeJs) {","","","","    // init-after","    // run browser js-env code - init-after","    /* istanbul ignore next */","    case 'browser':","        local.testRunBrowser = function (event) {","            if (!event || (event &&","                    event.currentTarget &&","                    event.currentTarget.className &&","                    event.currentTarget.className.includes &&","                    event.currentTarget.className.includes('onreset'))) {","                // reset output","                Array.from(","                    document.querySelectorAll('body > .resettable')","                ).forEach(function (element) {","                    switch (element.tagName) {","                    case 'INPUT':","                    case 'TEXTAREA':","                        element.value = '';","                        break;","                    default:","                        element.textContent = '';","                    }","                });","            }","            switch (event && event.currentTarget && event.currentTarget.id) {","            case 'testRunButton1':","                // show tests","                if (document.querySelector('#testReportDiv1').style.display === 'none') {","                    document.querySelector('#testReportDiv1').style.display = 'block';","                    document.querySelector('#testRunButton1').textContent =","                        'hide internal test';","                    local.modeTest = true;","                    local.testRunDefault(local);","                // hide tests","                } else {","                    document.querySelector('#testReportDiv1').style.display = 'none';","                    document.querySelector('#testRunButton1').textContent = 'run internal test';","                }","                break;","            // custom-case","            default:","                break;","            }","            if (document.querySelector('#inputTextareaEval1') && (!event || (event &&","                    event.currentTarget &&","                    event.currentTarget.className &&","                    event.currentTarget.className.includes &&","                    event.currentTarget.className.includes('oneval')))) {","                // try to eval input-code","                try {","                    /*jslint evil: true*/","                    eval(document.querySelector('#inputTextareaEval1').value);","                } catch (errorCaught) {","                    console.error(errorCaught);","                }","            }","        };","        // log stderr and stdout to #outputTextareaStdout1","        ['error', 'log'].forEach(function (key) {","            console[key + '_original'] = console[key];","            console[key] = function () {","                var element;","                console[key + '_original'].apply(console, arguments);","                element = document.querySelector('#outputTextareaStdout1');","                if (!element) {","                    return;","                }","                // append text to #outputTextareaStdout1","                element.value += Array.from(arguments).map(function (arg) {","                    return typeof arg === 'string'","                        ? arg","                        : JSON.stringify(arg, null, 4);","                }).join(' ') + '\\n';","                // scroll textarea to bottom","                element.scrollTop = element.scrollHeight;","            };","        });","        // init event-handling","        ['change', 'click', 'keyup'].forEach(function (event) {","            Array.from(document.querySelectorAll('.on' + event)).forEach(function (element) {","                element.addEventListener(event, local.testRunBrowser);","            });","        });","        // run tests","        local.testRunBrowser();","        break;","","","","    // run node js-env code - init-after","    /* istanbul ignore next */","    case 'node':","        // export local","        module.exports = local;","        // require modules","        local.fs = require('fs');","        local.http = require('http');","        local.url = require('url');","        // init assets","        local.assetsDict = local.assetsDict || {};","        /* jslint-ignore-begin */","        local.assetsDict['/assets.index.template.html'] = '\\","<!doctype html>\\n\\","<html lang=\"en\">\\n\\","<head>\\n\\","<meta charset=\"UTF-8\">\\n\\","<meta name=\"viewport\" content=\"width=device-width, initial-scale=1\">\\n\\","<title>{{env.npm_package_name}} (v{{env.npm_package_version}})</title>\\n\\","<style>\\n\\","/*csslint\\n\\","    box-sizing: false,\\n\\","    universal-selector: false\\n\\","*/\\n\\","* {\\n\\","    box-sizing: border-box;\\n\\","}\\n\\","body {\\n\\","    background: #dde;\\n\\","    font-family: Arial, Helvetica, sans-serif;\\n\\","    margin: 2rem;\\n\\","}\\n\\","body > * {\\n\\","    margin-bottom: 1rem;\\n\\","}\\n\\",".utility2FooterDiv {\\n\\","    margin-top: 20px;\\n\\","    text-align: center;\\n\\","}\\n\\","</style>\\n\\","<style>\\n\\","/*csslint\\n\\","*/\\n\\","textarea {\\n\\","    font-family: monospace;\\n\\","    height: 10rem;\\n\\","    width: 100%;\\n\\","}\\n\\","textarea[readonly] {\\n\\","    background: #ddd;\\n\\","}\\n\\","</style>\\n\\","</head>\\n\\","<body>\\n\\","<!-- utility2-comment\\n\\","<div id=\"ajaxProgressDiv1\" style=\"background: #d00; height: 2px; left: 0; margin: 0; padding: 0; position: fixed; top: 0; transition: background 0.5s, width 1.5s; width: 25%;\"></div>\\n\\","utility2-comment -->\\n\\","<h1>\\n\\","<!-- utility2-comment\\n\\","    <a\\n\\","        {{#if env.npm_package_homepage}}\\n\\","        href=\"{{env.npm_package_homepage}}\"\\n\\","        {{/if env.npm_package_homepage}}\\n\\","        target=\"_blank\"\\n\\","    >\\n\\","utility2-comment -->\\n\\","        {{env.npm_package_name}} (v{{env.npm_package_version}})\\n\\","<!-- utility2-comment\\n\\","    </a>\\n\\","utility2-comment -->\\n\\","</h1>\\n\\","<h3>{{env.npm_package_description}}</h3>\\n\\","<!-- utility2-comment\\n\\","<h4><a download href=\"assets.app.js\">download standalone app</a></h4>\\n\\","<button class=\"onclick onreset\" id=\"testRunButton1\">run internal test</button><br>\\n\\","<div id=\"testReportDiv1\" style=\"display: none;\"></div>\\n\\","utility2-comment -->\\n\\","\\n\\","\\n\\","\\n\\","<label>stderr and stdout</label>\\n\\","<textarea class=\"resettable\" id=\"outputTextareaStdout1\" readonly></textarea>\\n\\","<!-- utility2-comment\\n\\","{{#if isRollup}}\\n\\","<script src=\"assets.app.js\"></script>\\n\\","{{#unless isRollup}}\\n\\","utility2-comment -->\\n\\","<script src=\"assets.utility2.rollup.js\"></script>\\n\\","<script src=\"jsonp.utility2._stateInit?callback=window.utility2._stateInit\"></script>\\n\\","<script src=\"assets.npmtest_xmldom.rollup.js\"></script>\\n\\","<script src=\"assets.example.js\"></script>\\n\\","<script src=\"assets.test.js\"></script>\\n\\","<!-- utility2-comment\\n\\","{{/if isRollup}}\\n\\","utility2-comment -->\\n\\","<div class=\"utility2FooterDiv\">\\n\\","    [ this app was created with\\n\\","    <a href=\"https://github.com/kaizhu256/node-utility2\" target=\"_blank\">utility2</a>\\n\\","    ]\\n\\","</div>\\n\\","</body>\\n\\","</html>\\n\\","';","        /* jslint-ignore-end */","        if (local.templateRender) {","            local.assetsDict['/'] = local.templateRender(","                local.assetsDict['/assets.index.template.html'],","                {","                    env: local.objectSetDefault(local.env, {","                        npm_package_description: 'the greatest app in the world!',","                        npm_package_name: 'my-app',","                        npm_package_nameAlias: 'my_app',","                        npm_package_version: '0.0.1'","                    })","                }","            );","        } else {","            local.assetsDict['/'] = local.assetsDict['/assets.index.template.html']","                .replace((/\\{\\{env\\.(\\w+?)\\}\\}/g), function (match0, match1) {","                    // jslint-hack","                    String(match0);","                    switch (match1) {","                    case 'npm_package_description':","                        return 'the greatest app in the world!';","                    case 'npm_package_name':","                        return 'my-app';","                    case 'npm_package_nameAlias':","                        return 'my_app';","                    case 'npm_package_version':","                        return '0.0.1';","                    }","                });","        }","        // run the cli","        if (local.global.utility2_rollup || module !== require.main) {","            break;","        }","        local.assetsDict['/assets.example.js'] =","            local.assetsDict['/assets.example.js'] ||","            local.fs.readFileSync(__filename, 'utf8');","        // bug-workaround - long $npm_package_buildCustomOrg","        /* jslint-ignore-begin */","        local.assetsDict['/assets.npmtest_xmldom.rollup.js'] =","            local.assetsDict['/assets.npmtest_xmldom.rollup.js'] ||","            local.fs.readFileSync(","                local.npmtest_xmldom.__dirname + '/lib.npmtest_xmldom.js',","                'utf8'","            ).replace((/^#!/), '//');","        /* jslint-ignore-end */","        local.assetsDict['/favicon.ico'] = local.assetsDict['/favicon.ico'] || '';","        // if $npm_config_timeout_exit exists,","        // then exit this process after $npm_config_timeout_exit ms","        if (Number(process.env.npm_config_timeout_exit)) {","            setTimeout(process.exit, Number(process.env.npm_config_timeout_exit));","        }","        // start server","        if (local.global.utility2_serverHttp1) {","            break;","        }","        process.env.PORT = process.env.PORT || '8081';","        console.error('server starting on port ' + process.env.PORT);","        local.http.createServer(function (request, response) {","            request.urlParsed = local.url.parse(request.url);","            if (local.assetsDict[request.urlParsed.pathname] !== undefined) {","                response.end(local.assetsDict[request.urlParsed.pathname]);","                return;","            }","            response.statusCode = 404;","            response.end();","        }).listen(process.env.PORT);","        break;","    }","}());",""],"l":{"26":2,"28":2,"33":2,"35":2,"37":2,"38":2,"39":2,"44":1,"51":2,"55":2,"59":2,"61":2,"69":1,"70":2,"76":2,"79":2,"82":2,"83":2,"85":1,"89":2,"92":1,"93":1,"94":1,"96":1,"97":1,"100":1,"101":1,"103":1,"106":1,"108":2,"114":1,"116":1,"118":1,"123":1,"124":2,"125":2,"126":3,"127":3,"128":3,"129":3,"130":1,"133":3,"134":3,"139":3,"143":1,"144":3,"145":1,"149":1,"150":1,"158":1,"160":1,"161":1,"162":1,"164":1,"166":1,"258":1,"259":1,"271":1,"274":6,"275":6,"277":1,"279":2,"281":1,"283":2,"288":1,"289":1,"291":1,"296":1,"303":1,"306":1,"307":1,"310":1,"311":1,"313":1,"314":1,"315":1,"316":1,"317":1,"318":1,"319":1,"321":1,"322":1,"324":1}},"/home/travis/build/npmtest/node-npmtest-xmldom/node_modules/xmldom/dom-parser.js":{"path":"/home/travis/build/npmtest/node-npmtest-xmldom/node_modules/xmldom/dom-parser.js","s":{"1":1,"2":0,"3":1,"4":0,"5":0,"6":0,"7":0,"8":0,"9":0,"10":0,"11":0,"12":0,"13":0,"14":0,"15":0,"16":0,"17":0,"18":0,"19":0,"20":0,"21":0,"22":0,"23":0,"24":1,"25":0,"26":0,"27":0,"28":0,"29":0,"30":0,"31":0,"32":1,"33":0,"34":0,"35":0,"36":0,"37":0,"38":0,"39":0,"40":0,"41":0,"42":0,"43":1,"44":0,"45":1,"46":0,"47":0,"48":1,"49":0,"50":0,"51":0,"52":0,"53":0,"54":0,"55":0,"56":0,"57":0,"58":0,"59":0,"60":0,"61":0,"62":0,"63":0,"64":0,"65":0,"66":0,"67":0,"68":0,"69":0,"70":0,"71":0,"72":0,"73":0,"74":0,"75":0,"76":0,"77":0,"78":0,"79":0,"80":0,"81":0,"82":0,"83":0,"84":0,"85":0,"86":0,"87":0,"88":0,"89":0,"90":0,"91":0,"92":0,"93":0,"94":0,"95":0,"96":0,"97":0,"98":0,"99":0,"100":1,"101":0,"102":0,"103":1,"104":0,"105":0,"106":0,"107":0,"108":0,"109":1,"110":11,"111":0,"112":1,"113":0,"114":0,"115":0,"116":1,"117":1,"118":1,"119":1},"b":{"1":[0,0],"2":[0,0],"3":[0,0],"4":[0,0],"5":[0,0],"6":[0,0],"7":[0,0],"8":[0,0],"9":[0,0],"10":[0,0],"11":[0,0],"12":[0,0],"13":[0,0],"14":[0,0],"15":[0,0,0],"16":[0,0],"17":[0,0],"18":[0,0],"19":[0,0],"20":[0,0],"21":[0,0],"22":[0,0],"23":[0,0],"24":[0,0],"25":[0,0],"26":[0,0],"27":[0,0],"28":[0,0],"29":[0,0],"30":[0,0],"31":[0,0],"32":[0,0],"33":[0,0],"34":[0,0],"35":[0,0],"36":[0,0]},"f":{"1":0,"2":0,"3":0,"4":0,"5":0,"6":0,"7":0,"8":0,"9":0,"10":0,"11":0,"12":0,"13":0,"14":0,"15":0,"16":0,"17":0,"18":0,"19":0,"20":0,"21":0,"22":0,"23":0,"24":0,"25":0,"26":0,"27":0,"28":0,"29":0,"30":11,"31":0,"32":0},"fnMap":{"1":{"name":"DOMParser","line":1,"loc":{"start":{"line":1,"column":0},"end":{"line":1,"column":27}}},"2":{"name":"(anonymous_2)","line":5,"loc":{"start":{"line":5,"column":38},"end":{"line":5,"column":63}}},"3":{"name":"buildErrorHandler","line":32,"loc":{"start":{"line":32,"column":0},"end":{"line":32,"column":56}}},"4":{"name":"build","line":42,"loc":{"start":{"line":42,"column":1},"end":{"line":42,"column":20}}},"5":{"name":"(anonymous_5)","line":45,"loc":{"start":{"line":45,"column":30},"end":{"line":45,"column":43}}},"6":{"name":"(anonymous_6)","line":47,"loc":{"start":{"line":47,"column":28},"end":{"line":47,"column":41}}},"7":{"name":"(anonymous_7)","line":49,"loc":{"start":{"line":49,"column":5},"end":{"line":49,"column":15}}},"8":{"name":"DOMHandler","line":67,"loc":{"start":{"line":67,"column":0},"end":{"line":67,"column":22}}},"9":{"name":"position","line":70,"loc":{"start":{"line":70,"column":0},"end":{"line":70,"column":31}}},"10":{"name":"(anonymous_10)","line":79,"loc":{"start":{"line":79,"column":17},"end":{"line":79,"column":28}}},"11":{"name":"(anonymous_11)","line":85,"loc":{"start":{"line":85,"column":14},"end":{"line":85,"column":62}}},"12":{"name":"(anonymous_12)","line":103,"loc":{"start":{"line":103,"column":12},"end":{"line":103,"column":53}}},"13":{"name":"(anonymous_13)","line":108,"loc":{"start":{"line":108,"column":20},"end":{"line":108,"column":42}}},"14":{"name":"(anonymous_14)","line":110,"loc":{"start":{"line":110,"column":18},"end":{"line":110,"column":35}}},"15":{"name":"(anonymous_15)","line":112,"loc":{"start":{"line":112,"column":23},"end":{"line":112,"column":46}}},"16":{"name":"(anonymous_16)","line":117,"loc":{"start":{"line":117,"column":21},"end":{"line":117,"column":49}}},"17":{"name":"(anonymous_17)","line":119,"loc":{"start":{"line":119,"column":12},"end":{"line":119,"column":43}}},"18":{"name":"(anonymous_18)","line":137,"loc":{"start":{"line":137,"column":15},"end":{"line":137,"column":30}}},"19":{"name":"(anonymous_19)","line":139,"loc":{"start":{"line":139,"column":13},"end":{"line":139,"column":24}}},"20":{"name":"(anonymous_20)","line":142,"loc":{"start":{"line":142,"column":20},"end":{"line":142,"column":39}}},"21":{"name":"(anonymous_21)","line":148,"loc":{"start":{"line":148,"column":9},"end":{"line":148,"column":40}}},"22":{"name":"(anonymous_22)","line":155,"loc":{"start":{"line":155,"column":12},"end":{"line":155,"column":23}}},"23":{"name":"(anonymous_23)","line":159,"loc":{"start":{"line":159,"column":10},"end":{"line":159,"column":21}}},"24":{"name":"(anonymous_24)","line":163,"loc":{"start":{"line":163,"column":10},"end":{"line":163,"column":45}}},"25":{"name":"(anonymous_25)","line":175,"loc":{"start":{"line":175,"column":9},"end":{"line":175,"column":25}}},"26":{"name":"(anonymous_26)","line":178,"loc":{"start":{"line":178,"column":7},"end":{"line":178,"column":23}}},"27":{"name":"(anonymous_27)","line":181,"loc":{"start":{"line":181,"column":12},"end":{"line":181,"column":28}}},"28":{"name":"_locator","line":186,"loc":{"start":{"line":186,"column":0},"end":{"line":186,"column":20}}},"29":{"name":"_toString","line":191,"loc":{"start":{"line":191,"column":0},"end":{"line":191,"column":38}}},"30":{"name":"(anonymous_30)","line":233,"loc":{"start":{"line":233,"column":174},"end":{"line":233,"column":187}}},"31":{"name":"(anonymous_31)","line":234,"loc":{"start":{"line":234,"column":29},"end":{"line":234,"column":39}}},"32":{"name":"appendElement","line":238,"loc":{"start":{"line":238,"column":0},"end":{"line":238,"column":37}}}},"statementMap":{"1":{"start":{"line":1,"column":0},"end":{"line":4,"column":1}},"2":{"start":{"line":2,"column":1},"end":{"line":2,"column":39}},"3":{"start":{"line":5,"column":0},"end":{"line":31,"column":1}},"4":{"start":{"line":6,"column":1},"end":{"line":6,"column":28}},"5":{"start":{"line":7,"column":1},"end":{"line":7,"column":28}},"6":{"start":{"line":8,"column":1},"end":{"line":8,"column":57}},"7":{"start":{"line":9,"column":1},"end":{"line":9,"column":41}},"8":{"start":{"line":10,"column":1},"end":{"line":10,"column":31}},"9":{"start":{"line":11,"column":1},"end":{"line":11,"column":38}},"10":{"start":{"line":12,"column":1},"end":{"line":12,"column":68}},"11":{"start":{"line":13,"column":1},"end":{"line":15,"column":2}},"12":{"start":{"line":14,"column":2},"end":{"line":14,"column":40}},"13":{"start":{"line":17,"column":1},"end":{"line":17,"column":71}},"14":{"start":{"line":18,"column":1},"end":{"line":18,"column":51}},"15":{"start":{"line":19,"column":1},"end":{"line":23,"column":2}},"16":{"start":{"line":20,"column":2},"end":{"line":20,"column":26}},"17":{"start":{"line":21,"column":2},"end":{"line":21,"column":26}},"18":{"start":{"line":22,"column":2},"end":{"line":22,"column":51}},"19":{"start":{"line":24,"column":1},"end":{"line":24,"column":79}},"20":{"start":{"line":25,"column":1},"end":{"line":29,"column":2}},"21":{"start":{"line":26,"column":2},"end":{"line":26,"column":43}},"22":{"start":{"line":28,"column":2},"end":{"line":28,"column":47}},"23":{"start":{"line":30,"column":1},"end":{"line":30,"column":23}},"24":{"start":{"line":32,"column":0},"end":{"line":55,"column":1}},"25":{"start":{"line":33,"column":1},"end":{"line":38,"column":2}},"26":{"start":{"line":34,"column":2},"end":{"line":36,"column":3}},"27":{"start":{"line":35,"column":3},"end":{"line":35,"column":21}},"28":{"start":{"line":37,"column":2},"end":{"line":37,"column":26}},"29":{"start":{"line":39,"column":1},"end":{"line":39,"column":22}},"30":{"start":{"line":40,"column":1},"end":{"line":40,"column":48}},"31":{"start":{"line":41,"column":1},"end":{"line":41,"column":22}},"32":{"start":{"line":42,"column":1},"end":{"line":50,"column":2}},"33":{"start":{"line":43,"column":2},"end":{"line":43,"column":26}},"34":{"start":{"line":44,"column":2},"end":{"line":46,"column":3}},"35":{"start":{"line":45,"column":3},"end":{"line":45,"column":74}},"36":{"start":{"line":45,"column":44},"end":{"line":45,"column":62}},"37":{"start":{"line":47,"column":2},"end":{"line":49,"column":18}},"38":{"start":{"line":48,"column":3},"end":{"line":48,"column":50}},"39":{"start":{"line":51,"column":1},"end":{"line":51,"column":18}},"40":{"start":{"line":52,"column":1},"end":{"line":52,"column":16}},"41":{"start":{"line":53,"column":1},"end":{"line":53,"column":21}},"42":{"start":{"line":54,"column":1},"end":{"line":54,"column":21}},"43":{"start":{"line":67,"column":0},"end":{"line":69,"column":1}},"44":{"start":{"line":68,"column":4},"end":{"line":68,"column":23}},"45":{"start":{"line":70,"column":0},"end":{"line":73,"column":1}},"46":{"start":{"line":71,"column":1},"end":{"line":71,"column":38}},"47":{"start":{"line":72,"column":1},"end":{"line":72,"column":42}},"48":{"start":{"line":78,"column":0},"end":{"line":185,"column":1}},"49":{"start":{"line":80,"column":5},"end":{"line":80,"column":73}},"50":{"start":{"line":81,"column":5},"end":{"line":83,"column":6}},"51":{"start":{"line":82,"column":9},"end":{"line":82,"column":54}},"52":{"start":{"line":86,"column":2},"end":{"line":86,"column":21}},"53":{"start":{"line":87,"column":5},"end":{"line":87,"column":66}},"54":{"start":{"line":88,"column":5},"end":{"line":88,"column":28}},"55":{"start":{"line":89,"column":5},"end":{"line":89,"column":29}},"56":{"start":{"line":90,"column":5},"end":{"line":90,"column":30}},"57":{"start":{"line":92,"column":2},"end":{"line":92,"column":43}},"58":{"start":{"line":93,"column":5},"end":{"line":101,"column":6}},"59":{"start":{"line":94,"column":9},"end":{"line":94,"column":44}},"60":{"start":{"line":95,"column":9},"end":{"line":95,"column":39}},"61":{"start":{"line":96,"column":9},"end":{"line":96,"column":39}},"62":{"start":{"line":97,"column":3},"end":{"line":97,"column":57}},"63":{"start":{"line":98,"column":3},"end":{"line":98,"column":53}},"64":{"start":{"line":99,"column":3},"end":{"line":99,"column":39}},"65":{"start":{"line":100,"column":3},"end":{"line":100,"column":28}},"66":{"start":{"line":104,"column":2},"end":{"line":104,"column":35}},"67":{"start":{"line":105,"column":2},"end":{"line":105,"column":32}},"68":{"start":{"line":106,"column":2},"end":{"line":106,"column":43}},"69":{"start":{"line":113,"column":5},"end":{"line":113,"column":66}},"70":{"start":{"line":114,"column":5},"end":{"line":114,"column":47}},"71":{"start":{"line":115,"column":5},"end":{"line":115,"column":30}},"72":{"start":{"line":120,"column":2},"end":{"line":120,"column":41}},"73":{"start":{"line":122,"column":2},"end":{"line":135,"column":3}},"74":{"start":{"line":123,"column":3},"end":{"line":127,"column":4}},"75":{"start":{"line":124,"column":4},"end":{"line":124,"column":54}},"76":{"start":{"line":126,"column":4},"end":{"line":126,"column":50}},"77":{"start":{"line":128,"column":3},"end":{"line":133,"column":4}},"78":{"start":{"line":129,"column":4},"end":{"line":129,"column":46}},"79":{"start":{"line":130,"column":9},"end":{"line":133,"column":4}},"80":{"start":{"line":131,"column":4},"end":{"line":131,"column":35}},"81":{"start":{"line":134,"column":3},"end":{"line":134,"column":50}},"82":{"start":{"line":140,"column":2},"end":{"line":140,"column":23}},"83":{"start":{"line":143,"column":5},"end":{"line":145,"column":6}},"84":{"start":{"line":144,"column":6},"end":{"line":144,"column":29}},"85":{"start":{"line":149,"column":2},"end":{"line":149,"column":41}},"86":{"start":{"line":150,"column":5},"end":{"line":150,"column":46}},"87":{"start":{"line":151,"column":5},"end":{"line":151,"column":48}},"88":{"start":{"line":152,"column":5},"end":{"line":152,"column":31}},"89":{"start":{"line":157,"column":5},"end":{"line":157,"column":23}},"90":{"start":{"line":160,"column":5},"end":{"line":160,"column":24}},"91":{"start":{"line":164,"column":2},"end":{"line":164,"column":37}},"92":{"start":{"line":165,"column":5},"end":{"line":169,"column":6}},"93":{"start":{"line":166,"column":9},"end":{"line":166,"column":68}},"94":{"start":{"line":167,"column":9},"end":{"line":167,"column":50}},"95":{"start":{"line":168,"column":9},"end":{"line":168,"column":33}},"96":{"start":{"line":176,"column":2},"end":{"line":176,"column":66}},"97":{"start":{"line":179,"column":2},"end":{"line":179,"column":65}},"98":{"start":{"line":182,"column":2},"end":{"line":182,"column":70}},"99":{"start":{"line":183,"column":5},"end":{"line":183,"column":17}},"100":{"start":{"line":186,"column":0},"end":{"line":190,"column":1}},"101":{"start":{"line":187,"column":1},"end":{"line":189,"column":2}},"102":{"start":{"line":188,"column":2},"end":{"line":188,"column":82}},"103":{"start":{"line":191,"column":0},"end":{"line":200,"column":1}},"104":{"start":{"line":192,"column":1},"end":{"line":199,"column":2}},"105":{"start":{"line":193,"column":2},"end":{"line":193,"column":35}},"106":{"start":{"line":195,"column":2},"end":{"line":197,"column":3}},"107":{"start":{"line":196,"column":3},"end":{"line":196,"column":54}},"108":{"start":{"line":198,"column":2},"end":{"line":198,"column":15}},"109":{"start":{"line":233,"column":0},"end":{"line":235,"column":2}},"110":{"start":{"line":234,"column":1},"end":{"line":234,"column":52}},"111":{"start":{"line":234,"column":40},"end":{"line":234,"column":51}},"112":{"start":{"line":238,"column":0},"end":{"line":244,"column":1}},"113":{"start":{"line":239,"column":4},"end":{"line":243,"column":5}},"114":{"start":{"line":240,"column":8},"end":{"line":240,"column":37}},"115":{"start":{"line":242,"column":8},"end":{"line":242,"column":48}},"116":{"start":{"line":247,"column":1},"end":{"line":247,"column":44}},"117":{"start":{"line":248,"column":1},"end":{"line":248,"column":88}},"118":{"start":{"line":249,"column":1},"end":{"line":249,"column":57}},"119":{"start":{"line":250,"column":1},"end":{"line":250,"column":31}}},"branchMap":{"1":{"line":2,"type":"binary-expr","locations":[{"start":{"line":2,"column":16},"end":{"line":2,"column":23}},{"start":{"line":2,"column":26},"end":{"line":2,"column":38}}]},"2":{"line":8,"type":"binary-expr","locations":[{"start":{"line":8,"column":18},"end":{"line":8,"column":36}},{"start":{"line":8,"column":40},"end":{"line":8,"column":56}}]},"3":{"line":11,"type":"binary-expr","locations":[{"start":{"line":11,"column":20},"end":{"line":11,"column":33}},{"start":{"line":11,"column":35},"end":{"line":11,"column":37}}]},"4":{"line":13,"type":"if","locations":[{"start":{"line":13,"column":1},"end":{"line":13,"column":1}},{"start":{"line":13,"column":1},"end":{"line":13,"column":1}}]},"5":{"line":18,"type":"binary-expr","locations":[{"start":{"line":18,"column":18},"end":{"line":18,"column":36}},{"start":{"line":18,"column":40},"end":{"line":18,"column":50}}]},"6":{"line":19,"type":"if","locations":[{"start":{"line":19,"column":1},"end":{"line":19,"column":1}},{"start":{"line":19,"column":1},"end":{"line":19,"column":1}}]},"7":{"line":24,"type":"binary-expr","locations":[{"start":{"line":24,"column":20},"end":{"line":24,"column":36}},{"start":{"line":24,"column":40},"end":{"line":24,"column":78}}]},"8":{"line":25,"type":"if","locations":[{"start":{"line":25,"column":1},"end":{"line":25,"column":1}},{"start":{"line":25,"column":1},"end":{"line":25,"column":1}}]},"9":{"line":33,"type":"if","locations":[{"start":{"line":33,"column":1},"end":{"line":33,"column":1}},{"start":{"line":33,"column":1},"end":{"line":33,"column":1}}]},"10":{"line":34,"type":"if","locations":[{"start":{"line":34,"column":2},"end":{"line":34,"column":2}},{"start":{"line":34,"column":2},"end":{"line":34,"column":2}}]},"11":{"line":41,"type":"binary-expr","locations":[{"start":{"line":41,"column":11},"end":{"line":41,"column":18}},{"start":{"line":41,"column":20},"end":{"line":41,"column":22}}]},"12":{"line":44,"type":"if","locations":[{"start":{"line":44,"column":2},"end":{"line":44,"column":2}},{"start":{"line":44,"column":2},"end":{"line":44,"column":2}}]},"13":{"line":44,"type":"binary-expr","locations":[{"start":{"line":44,"column":5},"end":{"line":44,"column":8}},{"start":{"line":44,"column":12},"end":{"line":44,"column":22}}]},"14":{"line":45,"type":"cond-expr","locations":[{"start":{"line":45,"column":30},"end":{"line":45,"column":63}},{"start":{"line":45,"column":64},"end":{"line":45,"column":73}}]},"15":{"line":47,"type":"binary-expr","locations":[{"start":{"line":47,"column":22},"end":{"line":47,"column":24}},{"start":{"line":47,"column":28},"end":{"line":49,"column":3}},{"start":{"line":49,"column":5},"end":{"line":49,"column":17}}]},"16":{"line":81,"type":"if","locations":[{"start":{"line":81,"column":5},"end":{"line":81,"column":5}},{"start":{"line":81,"column":5},"end":{"line":81,"column":5}}]},"17":{"line":87,"type":"binary-expr","locations":[{"start":{"line":87,"column":48},"end":{"line":87,"column":53}},{"start":{"line":87,"column":55},"end":{"line":87,"column":64}}]},"18":{"line":92,"type":"binary-expr","locations":[{"start":{"line":92,"column":2},"end":{"line":92,"column":14}},{"start":{"line":92,"column":18},"end":{"line":92,"column":43}}]},"19":{"line":98,"type":"binary-expr","locations":[{"start":{"line":98,"column":3},"end":{"line":98,"column":15}},{"start":{"line":98,"column":18},"end":{"line":98,"column":52}}]},"20":{"line":114,"type":"binary-expr","locations":[{"start":{"line":114,"column":5},"end":{"line":114,"column":17}},{"start":{"line":114,"column":21},"end":{"line":114,"column":47}}]},"21":{"line":122,"type":"if","locations":[{"start":{"line":122,"column":2},"end":{"line":122,"column":2}},{"start":{"line":122,"column":2},"end":{"line":122,"column":2}}]},"22":{"line":123,"type":"if","locations":[{"start":{"line":123,"column":3},"end":{"line":123,"column":3}},{"start":{"line":123,"column":3},"end":{"line":123,"column":3}}]},"23":{"line":128,"type":"if","locations":[{"start":{"line":128,"column":3},"end":{"line":128,"column":3}},{"start":{"line":128,"column":3},"end":{"line":128,"column":3}}]},"24":{"line":130,"type":"if","locations":[{"start":{"line":130,"column":9},"end":{"line":130,"column":9}},{"start":{"line":130,"column":9},"end":{"line":130,"column":9}}]},"25":{"line":134,"type":"binary-expr","locations":[{"start":{"line":134,"column":3},"end":{"line":134,"column":15}},{"start":{"line":134,"column":19},"end":{"line":134,"column":50}}]},"26":{"line":143,"type":"if","locations":[{"start":{"line":143,"column":5},"end":{"line":143,"column":5}},{"start":{"line":143,"column":5},"end":{"line":143,"column":5}}]},"27":{"line":151,"type":"binary-expr","locations":[{"start":{"line":151,"column":5},"end":{"line":151,"column":17}},{"start":{"line":151,"column":21},"end":{"line":151,"column":48}}]},"28":{"line":165,"type":"if","locations":[{"start":{"line":165,"column":5},"end":{"line":165,"column":5}},{"start":{"line":165,"column":5},"end":{"line":165,"column":5}}]},"29":{"line":165,"type":"binary-expr","locations":[{"start":{"line":165,"column":9},"end":{"line":165,"column":13}},{"start":{"line":165,"column":17},"end":{"line":165,"column":40}}]},"30":{"line":167,"type":"binary-expr","locations":[{"start":{"line":167,"column":9},"end":{"line":167,"column":21}},{"start":{"line":167,"column":25},"end":{"line":167,"column":50}}]},"31":{"line":187,"type":"if","locations":[{"start":{"line":187,"column":1},"end":{"line":187,"column":1}},{"start":{"line":187,"column":1},"end":{"line":187,"column":1}}]},"32":{"line":188,"type":"binary-expr","locations":[{"start":{"line":188,"column":16},"end":{"line":188,"column":26}},{"start":{"line":188,"column":29},"end":{"line":188,"column":31}}]},"33":{"line":192,"type":"if","locations":[{"start":{"line":192,"column":1},"end":{"line":192,"column":1}},{"start":{"line":192,"column":1},"end":{"line":192,"column":1}}]},"34":{"line":195,"type":"if","locations":[{"start":{"line":195,"column":2},"end":{"line":195,"column":2}},{"start":{"line":195,"column":2},"end":{"line":195,"column":2}}]},"35":{"line":195,"type":"binary-expr","locations":[{"start":{"line":195,"column":5},"end":{"line":195,"column":33}},{"start":{"line":195,"column":37},"end":{"line":195,"column":42}}]},"36":{"line":239,"type":"if","locations":[{"start":{"line":239,"column":4},"end":{"line":239,"column":4}},{"start":{"line":239,"column":4},"end":{"line":239,"column":4}}]}},"code":["function DOMParser(options){","\tthis.options = options ||{locator:{}};","\t","}","DOMParser.prototype.parseFromString = function(source,mimeType){","\tvar options = this.options;","\tvar sax =  new XMLReader();","\tvar domBuilder = options.domBuilder || new DOMHandler();//contentHandler and LexicalHandler","\tvar errorHandler = options.errorHandler;","\tvar locator = options.locator;","\tvar defaultNSMap = options.xmlns||{};","\tvar entityMap = {'lt':'<','gt':'>','amp':'&','quot':'\"','apos':\"'\"}","\tif(locator){","\t\tdomBuilder.setDocumentLocator(locator)","\t}","\t","\tsax.errorHandler = buildErrorHandler(errorHandler,domBuilder,locator);","\tsax.domBuilder = options.domBuilder || domBuilder;","\tif(/\\/x?html?$/.test(mimeType)){","\t\tentityMap.nbsp = '\\xa0';","\t\tentityMap.copy = '\\xa9';","\t\tdefaultNSMap['']= 'http://www.w3.org/1999/xhtml';","\t}","\tdefaultNSMap.xml = defaultNSMap.xml || 'http://www.w3.org/XML/1998/namespace';","\tif(source){","\t\tsax.parse(source,defaultNSMap,entityMap);","\t}else{","\t\tsax.errorHandler.error(\"invalid doc source\");","\t}","\treturn domBuilder.doc;","}","function buildErrorHandler(errorImpl,domBuilder,locator){","\tif(!errorImpl){","\t\tif(domBuilder instanceof DOMHandler){","\t\t\treturn domBuilder;","\t\t}","\t\terrorImpl = domBuilder ;","\t}","\tvar errorHandler = {}","\tvar isCallback = errorImpl instanceof Function;","\tlocator = locator||{}","\tfunction build(key){","\t\tvar fn = errorImpl[key];","\t\tif(!fn && isCallback){","\t\t\tfn = errorImpl.length == 2?function(msg){errorImpl(key,msg)}:errorImpl;","\t\t}","\t\terrorHandler[key] = fn && function(msg){","\t\t\tfn('[xmldom '+key+']\\t'+msg+_locator(locator));","\t\t}||function(){};","\t}","\tbuild('warning');","\tbuild('error');","\tbuild('fatalError');","\treturn errorHandler;","}","","//console.log('#\\n\\n\\n\\n\\n\\n\\n####')","/**"," * +ContentHandler+ErrorHandler"," * +LexicalHandler+EntityResolver2"," * -DeclHandler-DTDHandler "," * "," * DefaultHandler:EntityResolver, DTDHandler, ContentHandler, ErrorHandler"," * DefaultHandler2:DefaultHandler,LexicalHandler, DeclHandler, EntityResolver2"," * @link http://www.saxproject.org/apidoc/org/xml/sax/helpers/DefaultHandler.html"," */","function DOMHandler() {","    this.cdata = false;","}","function position(locator,node){","\tnode.lineNumber = locator.lineNumber;","\tnode.columnNumber = locator.columnNumber;","}","/**"," * @see org.xml.sax.ContentHandler#startDocument"," * @link http://www.saxproject.org/apidoc/org/xml/sax/ContentHandler.html"," */ ","DOMHandler.prototype = {","\tstartDocument : function() {","    \tthis.doc = new DOMImplementation().createDocument(null, null, null);","    \tif (this.locator) {","        \tthis.doc.documentURI = this.locator.systemId;","    \t}","\t},","\tstartElement:function(namespaceURI, localName, qName, attrs) {","\t\tvar doc = this.doc;","\t    var el = doc.createElementNS(namespaceURI, qName||localName);","\t    var len = attrs.length;","\t    appendElement(this, el);","\t    this.currentElement = el;","\t    ","\t\tthis.locator && position(this.locator,el)","\t    for (var i = 0 ; i < len; i++) {","\t        var namespaceURI = attrs.getURI(i);","\t        var value = attrs.getValue(i);","\t        var qName = attrs.getQName(i);","\t\t\tvar attr = doc.createAttributeNS(namespaceURI, qName);","\t\t\tthis.locator &&position(attrs.getLocator(i),attr);","\t\t\tattr.value = attr.nodeValue = value;","\t\t\tel.setAttributeNode(attr)","\t    }","\t},","\tendElement:function(namespaceURI, localName, qName) {","\t\tvar current = this.currentElement","\t\tvar tagName = current.tagName;","\t\tthis.currentElement = current.parentNode;","\t},","\tstartPrefixMapping:function(prefix, uri) {","\t},","\tendPrefixMapping:function(prefix) {","\t},","\tprocessingInstruction:function(target, data) {","\t    var ins = this.doc.createProcessingInstruction(target, data);","\t    this.locator && position(this.locator,ins)","\t    appendElement(this, ins);","\t},","\tignorableWhitespace:function(ch, start, length) {","\t},","\tcharacters:function(chars, start, length) {","\t\tchars = _toString.apply(this,arguments)","\t\t//console.log(chars)","\t\tif(chars){","\t\t\tif (this.cdata) {","\t\t\t\tvar charNode = this.doc.createCDATASection(chars);","\t\t\t} else {","\t\t\t\tvar charNode = this.doc.createTextNode(chars);","\t\t\t}","\t\t\tif(this.currentElement){","\t\t\t\tthis.currentElement.appendChild(charNode);","\t\t\t}else if(/^\\s*$/.test(chars)){","\t\t\t\tthis.doc.appendChild(charNode);","\t\t\t\t//process xml","\t\t\t}","\t\t\tthis.locator && position(this.locator,charNode)","\t\t}","\t},","\tskippedEntity:function(name) {","\t},","\tendDocument:function() {","\t\tthis.doc.normalize();","\t},","\tsetDocumentLocator:function (locator) {","\t    if(this.locator = locator){// && !('lineNumber' in locator)){","\t    \tlocator.lineNumber = 0;","\t    }","\t},","\t//LexicalHandler","\tcomment:function(chars, start, length) {","\t\tchars = _toString.apply(this,arguments)","\t    var comm = this.doc.createComment(chars);","\t    this.locator && position(this.locator,comm)","\t    appendElement(this, comm);","\t},","\t","\tstartCDATA:function() {","\t    //used in characters() methods","\t    this.cdata = true;","\t},","\tendCDATA:function() {","\t    this.cdata = false;","\t},","\t","\tstartDTD:function(name, publicId, systemId) {","\t\tvar impl = this.doc.implementation;","\t    if (impl && impl.createDocumentType) {","\t        var dt = impl.createDocumentType(name, publicId, systemId);","\t        this.locator && position(this.locator,dt)","\t        appendElement(this, dt);","\t    }","\t},","\t/**","\t * @see org.xml.sax.ErrorHandler","\t * @link http://www.saxproject.org/apidoc/org/xml/sax/ErrorHandler.html","\t */","\twarning:function(error) {","\t\tconsole.warn('[xmldom warning]\\t'+error,_locator(this.locator));","\t},","\terror:function(error) {","\t\tconsole.error('[xmldom error]\\t'+error,_locator(this.locator));","\t},","\tfatalError:function(error) {","\t\tconsole.error('[xmldom fatalError]\\t'+error,_locator(this.locator));","\t    throw error;","\t}","}","function _locator(l){","\tif(l){","\t\treturn '\\n@'+(l.systemId ||'')+'#[line:'+l.lineNumber+',col:'+l.columnNumber+']'","\t}","}","function _toString(chars,start,length){","\tif(typeof chars == 'string'){","\t\treturn chars.substr(start,length)","\t}else{//java sax connect width xmldom on rhino(what about: \"? && !(chars instanceof String)\")","\t\tif(chars.length >= start+length || start){","\t\t\treturn new java.lang.String(chars,start,length)+'';","\t\t}","\t\treturn chars;","\t}","}","","/*"," * @link http://www.saxproject.org/apidoc/org/xml/sax/ext/LexicalHandler.html"," * used method of org.xml.sax.ext.LexicalHandler:"," *  #comment(chars, start, length)"," *  #startCDATA()"," *  #endCDATA()"," *  #startDTD(name, publicId, systemId)"," *"," *"," * IGNORED method of org.xml.sax.ext.LexicalHandler:"," *  #endDTD()"," *  #startEntity(name)"," *  #endEntity(name)"," *"," *"," * @link http://www.saxproject.org/apidoc/org/xml/sax/ext/DeclHandler.html"," * IGNORED method of org.xml.sax.ext.DeclHandler"," * \t#attributeDecl(eName, aName, type, mode, value)"," *  #elementDecl(name, model)"," *  #externalEntityDecl(name, publicId, systemId)"," *  #internalEntityDecl(name, value)"," * @link http://www.saxproject.org/apidoc/org/xml/sax/ext/EntityResolver2.html"," * IGNORED method of org.xml.sax.EntityResolver2"," *  #resolveEntity(String name,String publicId,String baseURI,String systemId)"," *  #resolveEntity(publicId, systemId)"," *  #getExternalSubset(name, baseURI)"," * @link http://www.saxproject.org/apidoc/org/xml/sax/DTDHandler.html"," * IGNORED method of org.xml.sax.DTDHandler"," *  #notationDecl(name, publicId, systemId) {};"," *  #unparsedEntityDecl(name, publicId, systemId, notationName) {};"," */","\"endDTD,startEntity,endEntity,attributeDecl,elementDecl,externalEntityDecl,internalEntityDecl,resolveEntity,getExternalSubset,notationDecl,unparsedEntityDecl\".replace(/\\w+/g,function(key){","\tDOMHandler.prototype[key] = function(){return null}","})","","/* Private static helpers treated below as private instance methods, so don't need to add these to the public API; we might use a Relator to also get rid of non-standard public properties */","function appendElement (hander,node) {","    if (!hander.currentElement) {","        hander.doc.appendChild(node);","    } else {","        hander.currentElement.appendChild(node);","    }","}//appendChild and setAttributeNS are preformance key","","//if(typeof require == 'function'){","\tvar XMLReader = require('./sax').XMLReader;","\tvar DOMImplementation = exports.DOMImplementation = require('./dom').DOMImplementation;","\texports.XMLSerializer = require('./dom').XMLSerializer ;","\texports.DOMParser = DOMParser;","//}",""],"l":{"1":1,"2":0,"5":1,"6":0,"7":0,"8":0,"9":0,"10":0,"11":0,"12":0,"13":0,"14":0,"17":0,"18":0,"19":0,"20":0,"21":0,"22":0,"24":0,"25":0,"26":0,"28":0,"30":0,"32":1,"33":0,"34":0,"35":0,"37":0,"39":0,"40":0,"41":0,"42":1,"43":0,"44":0,"45":0,"47":0,"48":0,"51":0,"52":0,"53":0,"54":0,"67":1,"68":0,"70":1,"71":0,"72":0,"78":1,"80":0,"81":0,"82":0,"86":0,"87":0,"88":0,"89":0,"90":0,"92":0,"93":0,"94":0,"95":0,"96":0,"97":0,"98":0,"99":0,"100":0,"104":0,"105":0,"106":0,"113":0,"114":0,"115":0,"120":0,"122":0,"123":0,"124":0,"126":0,"128":0,"129":0,"130":0,"131":0,"134":0,"140":0,"143":0,"144":0,"149":0,"150":0,"151":0,"152":0,"157":0,"160":0,"164":0,"165":0,"166":0,"167":0,"168":0,"176":0,"179":0,"182":0,"183":0,"186":1,"187":0,"188":0,"191":1,"192":0,"193":0,"195":0,"196":0,"198":0,"233":1,"234":11,"238":1,"239":0,"240":0,"242":0,"247":1,"248":1,"249":1,"250":1}},"/home/travis/build/npmtest/node-npmtest-xmldom/node_modules/xmldom/sax.js":{"path":"/home/travis/build/npmtest/node-npmtest-xmldom/node_modules/xmldom/sax.js","s":{"1":1,"2":1,"3":1,"4":1,"5":1,"6":1,"7":1,"8":1,"9":1,"10":1,"11":1,"12":1,"13":1,"14":0,"15":0,"16":0,"17":0,"18":0,"19":1,"20":1,"21":0,"22":0,"23":0,"24":0,"25":0,"26":1,"27":0,"28":0,"29":0,"30":0,"31":0,"32":0,"33":0,"34":1,"35":0,"36":0,"37":0,"38":0,"39":0,"40":1,"41":0,"42":0,"43":0,"44":0
[...]
 = attr.nodeValue = \"\" + value;","\t\tthis.setAttributeNode(attr)","\t},","\tgetAttributeNodeNS : function(namespaceURI, localName){","\t\treturn this.attributes.getNamedItemNS(namespaceURI, localName);","\t},","\t","\tgetElementsByTagName : function(tagName){","\t\treturn new LiveNodeList(this,function(base){","\t\t\tvar ls = [];","\t\t\t_visitNode(base,function(node){","\t\t\t\tif(node !== base && node.nodeType == ELEMENT_NODE && (tagName === '*' || node.tagName == tagName)){","\t\t\t\t\tls.push(node);","\t\t\t\t}","\t\t\t});","\t\t\treturn ls;","\t\t});","\t},","\tgetElementsByTagNameNS : function(namespaceURI, localName){","\t\treturn new LiveNodeList(this,function(base){","\t\t\tvar ls = [];","\t\t\t_visitNode(base,function(node){","\t\t\t\tif(node !== base && node.nodeType === ELEMENT_NODE && (namespaceURI === '*' || node.namespaceURI === namespaceURI) && (localName === '*' || node.localName == localName)){","\t\t\t\t\tls.push(node);","\t\t\t\t}","\t\t\t});","\t\t\treturn ls;","\t\t\t","\t\t});","\t}","};","Document.prototype.getElementsByTagName = Element.prototype.getElementsByTagName;","Document.prototype.getElementsByTagNameNS = Element.prototype.getElementsByTagNameNS;","","","_extends(Element,Node);","function Attr() {","};","Attr.prototype.nodeType = ATTRIBUTE_NODE;","_extends(Attr,Node);","","","function CharacterData() {","};","CharacterData.prototype = {","\tdata : '',","\tsubstringData : function(offset, count) {","\t\treturn this.data.substring(offset, offset+count);","\t},","\tappendData: function(text) {","\t\ttext = this.data+text;","\t\tthis.nodeValue = this.data = text;","\t\tthis.length = text.length;","\t},","\tinsertData: function(offset,text) {","\t\tthis.replaceData(offset,0,text);","\t","\t},","\tappendChild:function(newChild){","\t\tthrow new Error(ExceptionMessage[HIERARCHY_REQUEST_ERR])","\t},","\tdeleteData: function(offset, count) {","\t\tthis.replaceData(offset,count,\"\");","\t},","\treplaceData: function(offset, count, text) {","\t\tvar start = this.data.substring(0,offset);","\t\tvar end = this.data.substring(offset+count);","\t\ttext = start + text + end;","\t\tthis.nodeValue = this.data = text;","\t\tthis.length = text.length;","\t}","}","_extends(CharacterData,Node);","function Text() {","};","Text.prototype = {","\tnodeName : \"#text\",","\tnodeType : TEXT_NODE,","\tsplitText : function(offset) {","\t\tvar text = this.data;","\t\tvar newText = text.substring(offset);","\t\ttext = text.substring(0, offset);","\t\tthis.data = this.nodeValue = text;","\t\tthis.length = text.length;","\t\tvar newNode = this.ownerDocument.createTextNode(newText);","\t\tif(this.parentNode){","\t\t\tthis.parentNode.insertBefore(newNode, this.nextSibling);","\t\t}","\t\treturn newNode;","\t}","}","_extends(Text,CharacterData);","function Comment() {","};","Comment.prototype = {","\tnodeName : \"#comment\",","\tnodeType : COMMENT_NODE","}","_extends(Comment,CharacterData);","","function CDATASection() {","};","CDATASection.prototype = {","\tnodeName : \"#cdata-section\",","\tnodeType : CDATA_SECTION_NODE","}","_extends(CDATASection,CharacterData);","","","function DocumentType() {","};","DocumentType.prototype.nodeType = DOCUMENT_TYPE_NODE;","_extends(DocumentType,Node);","","function Notation() {","};","Notation.prototype.nodeType = NOTATION_NODE;","_extends(Notation,Node);","","function Entity() {","};","Entity.prototype.nodeType = ENTITY_NODE;","_extends(Entity,Node);","","function EntityReference() {","};","EntityReference.prototype.nodeType = ENTITY_REFERENCE_NODE;","_extends(EntityReference,Node);","","function DocumentFragment() {","};","DocumentFragment.prototype.nodeName =\t\"#document-fragment\";","DocumentFragment.prototype.nodeType =\tDOCUMENT_FRAGMENT_NODE;","_extends(DocumentFragment,Node);","","","function ProcessingInstruction() {","}","ProcessingInstruction.prototype.nodeType = PROCESSING_INSTRUCTION_NODE;","_extends(ProcessingInstruction,Node);","function XMLSerializer(){}","XMLSerializer.prototype.serializeToString = function(node,isHtml,nodeFilter){","\treturn nodeSerializeToString.call(node,isHtml,nodeFilter);","}","Node.prototype.toString = nodeSerializeToString;","function nodeSerializeToString(isHtml,nodeFilter){","\tvar buf = [];","\tvar refNode = this.nodeType == 9?this.documentElement:this;","\tvar prefix = refNode.prefix;","\tvar uri = refNode.namespaceURI;","\t","\tif(uri && prefix == null){","\t\t//console.log(prefix)","\t\tvar prefix = refNode.lookupPrefix(uri);","\t\tif(prefix == null){","\t\t\t//isHTML = true;","\t\t\tvar visibleNamespaces=[","\t\t\t{namespace:uri,prefix:null}","\t\t\t//{namespace:uri,prefix:''}","\t\t\t]","\t\t}","\t}","\tserializeToString(this,buf,isHtml,nodeFilter,visibleNamespaces);","\t//console.log('###',this.nodeType,uri,prefix,buf.join(''))","\treturn buf.join('');","}","function needNamespaceDefine(node,isHTML, visibleNamespaces) {","\tvar prefix = node.prefix||'';","\tvar uri = node.namespaceURI;","\tif (!prefix && !uri){","\t\treturn false;","\t}","\tif (prefix === \"xml\" && uri === \"http://www.w3.org/XML/1998/namespace\" ","\t\t|| uri == 'http://www.w3.org/2000/xmlns/'){","\t\treturn false;","\t}","\t","\tvar i = visibleNamespaces.length ","\t//console.log('@@@@',node.tagName,prefix,uri,visibleNamespaces)","\twhile (i--) {","\t\tvar ns = visibleNamespaces[i];","\t\t// get namespace prefix","\t\t//console.log(node.nodeType,node.tagName,ns.prefix,prefix)","\t\tif (ns.prefix == prefix){","\t\t\treturn ns.namespace != uri;","\t\t}","\t}","\t//console.log(isHTML,uri,prefix=='')","\t//if(isHTML && prefix ==null && uri == 'http://www.w3.org/1999/xhtml'){","\t//\treturn false;","\t//}","\t//node.flag = '11111'","\t//console.error(3,true,node.flag,node.prefix,node.namespaceURI)","\treturn true;","}","function serializeToString(node,buf,isHTML,nodeFilter,visibleNamespaces){","\tif(nodeFilter){","\t\tnode = nodeFilter(node);","\t\tif(node){","\t\t\tif(typeof node == 'string'){","\t\t\t\tbuf.push(node);","\t\t\t\treturn;","\t\t\t}","\t\t}else{","\t\t\treturn;","\t\t}","\t\t//buf.sort.apply(attrs, attributeSorter);","\t}","\tswitch(node.nodeType){","\tcase ELEMENT_NODE:","\t\tif (!visibleNamespaces) visibleNamespaces = [];","\t\tvar startVisibleNamespaces = visibleNamespaces.length;","\t\tvar attrs = node.attributes;","\t\tvar len = attrs.length;","\t\tvar child = node.firstChild;","\t\tvar nodeName = node.tagName;","\t\t","\t\tisHTML =  (htmlns === node.namespaceURI) ||isHTML ","\t\tbuf.push('<',nodeName);","\t\t","\t\t","\t\t","\t\tfor(var i=0;i<len;i++){","\t\t\t// add namespaces for attributes","\t\t\tvar attr = attrs.item(i);","\t\t\tif (attr.prefix == 'xmlns') {","\t\t\t\tvisibleNamespaces.push({ prefix: attr.localName, namespace: attr.value });","\t\t\t}else if(attr.nodeName == 'xmlns'){","\t\t\t\tvisibleNamespaces.push({ prefix: '', namespace: attr.value });","\t\t\t}","\t\t}","\t\tfor(var i=0;i<len;i++){","\t\t\tvar attr = attrs.item(i);","\t\t\tif (needNamespaceDefine(attr,isHTML, visibleNamespaces)) {","\t\t\t\tvar prefix = attr.prefix||'';","\t\t\t\tvar uri = attr.namespaceURI;","\t\t\t\tvar ns = prefix ? ' xmlns:' + prefix : \" xmlns\";","\t\t\t\tbuf.push(ns, '=\"' , uri , '\"');","\t\t\t\tvisibleNamespaces.push({ prefix: prefix, namespace:uri });","\t\t\t}","\t\t\tserializeToString(attr,buf,isHTML,nodeFilter,visibleNamespaces);","\t\t}","\t\t// add namespace for current node\t\t","\t\tif (needNamespaceDefine(node,isHTML, visibleNamespaces)) {","\t\t\tvar prefix = node.prefix||'';","\t\t\tvar uri = node.namespaceURI;","\t\t\tvar ns = prefix ? ' xmlns:' + prefix : \" xmlns\";","\t\t\tbuf.push(ns, '=\"' , uri , '\"');","\t\t\tvisibleNamespaces.push({ prefix: prefix, namespace:uri });","\t\t}","\t\t","\t\tif(child || isHTML && !/^(?:meta|link|img|br|hr|input)$/i.test(nodeName)){","\t\t\tbuf.push('>');","\t\t\t//if is cdata child node","\t\t\tif(isHTML && /^script$/i.test(nodeName)){","\t\t\t\twhile(child){","\t\t\t\t\tif(child.data){","\t\t\t\t\t\tbuf.push(child.data);","\t\t\t\t\t}else{","\t\t\t\t\t\tserializeToString(child,buf,isHTML,nodeFilter,visibleNamespaces);","\t\t\t\t\t}","\t\t\t\t\tchild = child.nextSibling;","\t\t\t\t}","\t\t\t}else","\t\t\t{","\t\t\t\twhile(child){","\t\t\t\t\tserializeToString(child,buf,isHTML,nodeFilter,visibleNamespaces);","\t\t\t\t\tchild = child.nextSibling;","\t\t\t\t}","\t\t\t}","\t\t\tbuf.push('</',nodeName,'>');","\t\t}else{","\t\t\tbuf.push('/>');","\t\t}","\t\t// remove added visible namespaces","\t\t//visibleNamespaces.length = startVisibleNamespaces;","\t\treturn;","\tcase DOCUMENT_NODE:","\tcase DOCUMENT_FRAGMENT_NODE:","\t\tvar child = node.firstChild;","\t\twhile(child){","\t\t\tserializeToString(child,buf,isHTML,nodeFilter,visibleNamespaces);","\t\t\tchild = child.nextSibling;","\t\t}","\t\treturn;","\tcase ATTRIBUTE_NODE:","\t\treturn buf.push(' ',node.name,'=\"',node.value.replace(/[<&\"]/g,_xmlEncoder),'\"');","\tcase TEXT_NODE:","\t\treturn buf.push(node.data.replace(/[<&]/g,_xmlEncoder));","\tcase CDATA_SECTION_NODE:","\t\treturn buf.push( '<![CDATA[',node.data,']]>');","\tcase COMMENT_NODE:","\t\treturn buf.push( \"<!--\",node.data,\"-->\");","\tcase DOCUMENT_TYPE_NODE:","\t\tvar pubid = node.publicId;","\t\tvar sysid = node.systemId;","\t\tbuf.push('<!DOCTYPE ',node.name);","\t\tif(pubid){","\t\t\tbuf.push(' PUBLIC \"',pubid);","\t\t\tif (sysid && sysid!='.') {","\t\t\t\tbuf.push( '\" \"',sysid);","\t\t\t}","\t\t\tbuf.push('\">');","\t\t}else if(sysid && sysid!='.'){","\t\t\tbuf.push(' SYSTEM \"',sysid,'\">');","\t\t}else{","\t\t\tvar sub = node.internalSubset;","\t\t\tif(sub){","\t\t\t\tbuf.push(\" [\",sub,\"]\");","\t\t\t}","\t\t\tbuf.push(\">\");","\t\t}","\t\treturn;","\tcase PROCESSING_INSTRUCTION_NODE:","\t\treturn buf.push( \"<?\",node.target,\" \",node.data,\"?>\");","\tcase ENTITY_REFERENCE_NODE:","\t\treturn buf.push( '&',node.nodeName,';');","\t//case ENTITY_NODE:","\t//case NOTATION_NODE:","\tdefault:","\t\tbuf.push('??',node.nodeName);","\t}","}","function importNode(doc,node,deep){","\tvar node2;","\tswitch (node.nodeType) {","\tcase ELEMENT_NODE:","\t\tnode2 = node.cloneNode(false);","\t\tnode2.ownerDocument = doc;","\t\t//var attrs = node2.attributes;","\t\t//var len = attrs.length;","\t\t//for(var i=0;i<len;i++){","\t\t\t//node2.setAttributeNodeNS(importNode(doc,attrs.item(i),deep));","\t\t//}","\tcase DOCUMENT_FRAGMENT_NODE:","\t\tbreak;","\tcase ATTRIBUTE_NODE:","\t\tdeep = true;","\t\tbreak;","\t//case ENTITY_REFERENCE_NODE:","\t//case PROCESSING_INSTRUCTION_NODE:","\t////case TEXT_NODE:","\t//case CDATA_SECTION_NODE:","\t//case COMMENT_NODE:","\t//\tdeep = false;","\t//\tbreak;","\t//case DOCUMENT_NODE:","\t//case DOCUMENT_TYPE_NODE:","\t//cannot be imported.","\t//case ENTITY_NODE:","\t//case NOTATION_NODE：","\t//can not hit in level3","\t//default:throw e;","\t}","\tif(!node2){","\t\tnode2 = node.cloneNode(false);//false","\t}","\tnode2.ownerDocument = doc;","\tnode2.parentNode = null;","\tif(deep){","\t\tvar child = node.firstChild;","\t\twhile(child){","\t\t\tnode2.appendChild(importNode(doc,child,deep));","\t\t\tchild = child.nextSibling;","\t\t}","\t}","\treturn node2;","}","//","//var _relationMap = {firstChild:1,lastChild:1,previousSibling:1,nextSibling:1,","//\t\t\t\t\tattributes:1,childNodes:1,parentNode:1,documentElement:1,doctype,};","function cloneNode(doc,node,deep){","\tvar node2 = new node.constructor();","\tfor(var n in node){","\t\tvar v = node[n];","\t\tif(typeof v != 'object' ){","\t\t\tif(v != node2[n]){","\t\t\t\tnode2[n] = v;","\t\t\t}","\t\t}","\t}","\tif(node.childNodes){","\t\tnode2.childNodes = new NodeList();","\t}","\tnode2.ownerDocument = doc;","\tswitch (node2.nodeType) {","\tcase ELEMENT_NODE:","\t\tvar attrs\t= node.attributes;","\t\tvar attrs2\t= node2.attributes = new NamedNodeMap();","\t\tvar len = attrs.length","\t\tattrs2._ownerElement = node2;","\t\tfor(var i=0;i<len;i++){","\t\t\tnode2.setAttributeNode(cloneNode(doc,attrs.item(i),true));","\t\t}","\t\tbreak;;","\tcase ATTRIBUTE_NODE:","\t\tdeep = true;","\t}","\tif(deep){","\t\tvar child = node.firstChild;","\t\twhile(child){","\t\t\tnode2.appendChild(cloneNode(doc,child,deep));","\t\t\tchild = child.nextSibling;","\t\t}","\t}","\treturn node2;","}","","function __set__(object,key,value){","\tobject[key] = value","}","//do dynamic","try{","\tif(Object.defineProperty){","\t\tObject.defineProperty(LiveNodeList.prototype,'length',{","\t\t\tget:function(){","\t\t\t\t_updateLiveList(this);","\t\t\t\treturn this.$$length;","\t\t\t}","\t\t});","\t\tObject.defineProperty(Node.prototype,'textContent',{","\t\t\tget:function(){","\t\t\t\treturn getTextContent(this);","\t\t\t},","\t\t\tset:function(data){","\t\t\t\tswitch(this.nodeType){","\t\t\t\tcase ELEMENT_NODE:","\t\t\t\tcase DOCUMENT_FRAGMENT_NODE:","\t\t\t\t\twhile(this.firstChild){","\t\t\t\t\t\tthis.removeChild(this.firstChild);","\t\t\t\t\t}","\t\t\t\t\tif(data || String(data)){","\t\t\t\t\t\tthis.appendChild(this.ownerDocument.createTextNode(data));","\t\t\t\t\t}","\t\t\t\t\tbreak;","\t\t\t\tdefault:","\t\t\t\t\t//TODO:","\t\t\t\t\tthis.data = data;","\t\t\t\t\tthis.value = data;","\t\t\t\t\tthis.nodeValue = data;","\t\t\t\t}","\t\t\t}","\t\t})","\t\t","\t\tfunction getTextContent(node){","\t\t\tswitch(node.nodeType){","\t\t\tcase ELEMENT_NODE:","\t\t\tcase DOCUMENT_FRAGMENT_NODE:","\t\t\t\tvar buf = [];","\t\t\t\tnode = node.firstChild;","\t\t\t\twhile(node){","\t\t\t\t\tif(node.nodeType!==7 && node.nodeType !==8){","\t\t\t\t\t\tbuf.push(getTextContent(node));","\t\t\t\t\t}","\t\t\t\t\tnode = node.nextSibling;","\t\t\t\t}","\t\t\t\treturn buf.join('');","\t\t\tdefault:","\t\t\t\treturn node.nodeValue;","\t\t\t}","\t\t}","\t\t__set__ = function(object,key,value){","\t\t\t//console.log(value)","\t\t\tobject['$$'+key] = value","\t\t}","\t}","}catch(e){//ie8","}","","//if(typeof require == 'function'){","\texports.DOMImplementation = DOMImplementation;","\texports.XMLSerializer = XMLSerializer;","//}",""],"l":{"8":1,"9":3,"10":39,"17":1,"18":14,"19":14,"20":14,"21":14,"23":14,"24":1,"25":0,"26":0,"27":0,"28":0,"30":14,"31":6,"32":0,"34":6,"37":1,"39":1,"40":1,"41":1,"42":1,"43":1,"44":1,"45":1,"46":1,"47":1,"48":1,"49":1,"50":1,"51":1,"54":1,"55":1,"56":1,"57":1,"58":1,"59":1,"60":1,"61":1,"62":1,"63":1,"64":1,"65":1,"67":1,"68":1,"69":1,"70":1,"71":1,"74":1,"75":0,"76":0,"78":0,"79":0,"80":0,"81":0,"83":0,"84":0,"85":0,"87":1,"88":1,"94":1,"96":1,"111":0,"114":0,"115":0,"117":0,"120":1,"121":0,"122":0,"123":0,"125":1,"126":0,"127":0,"128":0,"130":0,"131":0,"132":0,"135":1,"136":0,"137":0,"140":1,"147":1,"150":1,"151":0,"152":0,"153":0,"157":1,"158":0,"159":0,"161":0,"163":0,"164":0,"165":0,"166":0,"167":0,"168":0,"172":1,"174":0,"175":0,"176":0,"177":0,"178":0,"180":0,"181":0,"182":0,"183":0,"184":0,"185":0,"189":0,"192":1,"200":0,"201":0,"202":0,"204":0,"205":0,"210":0,"211":0,"212":0,"214":0,"215":0,"216":0,"220":0,"221":0,"222":0,"224":0,"225":0,"226":0,"231":0,"232":0,"233":0,"240":0,"241":0,"242":0,"245":0,"246":0,"247":0,"248":0,"249":0,"252":0,"258":1,"259":0,"260":0,"261":0,"262":0,"267":1,"269":0,"270":0,"271":0,"273":0,"278":0,"279":0,"280":0,"281":0,"282":0,"283":0,"285":0,"286":0,"287":0,"289":0,"293":0,"294":0,"295":0,"296":0,"297":0,"304":0,"313":1,"316":1,"331":0,"334":0,"335":0,"336":0,"340":0,"343":0,"346":0,"349":0,"353":0,"354":0,"355":0,"356":0,"357":0,"358":0,"360":0,"361":0,"367":0,"371":0,"374":0,"375":0,"376":0,"378":0,"379":0,"380":0,"381":0,"385":0,"387":0,"391":0,"392":0,"393":0,"395":0,"396":0,"397":0,"400":0,"402":0,"406":0,"407":0,"412":1,"413":0,"421":1,"422":1,"428":1,"429":0,"430":0,"432":0,"433":0,"434":0,"441":1,"443":1,"444":0,"445":0,"446":0,"448":0,"451":1,"452":0,"453":0,"454":0,"456":0,"459":1,"460":0,"461":0,"463":0,"464":0,"465":0,"468":0,"469":0,"470":0,"471":0,"472":0,"474":0,"487":1,"488":0,"489":0,"490":0,"491":0,"493":0,"495":0,"496":0,"498":0,"500":0,"501":0,"506":1,"507":0,"508":0,"509":0,"511":0,"512":0,"513":0,"514":0,"516":0,"518":0,"520":0,"522":0,"523":0,"526":0,"527":0,"529":0,"531":0,"532":0,"534":0,"536":0,"537":0,"539":0,"541":0,"542":0,"544":0,"546":1,"547":0,"548":0,"549":0,"550":0,"551":0,"553":0,"554":0,"555":0,"556":0,"557":0,"558":0,"560":0,"562":0,"563":0,"564":0,"567":1,"576":0,"577":0,"578":0,"579":0,"580":0,"581":0,"583":0,"585":0,"586":0,"589":0,"592":0,"593":0,"595":0,"599":0,"603":0,"604":0,"605":0,"606":0,"607":0,"608":0,"612":0,"617":0,"618":0,"619":0,"620":0,"621":0,"622":0,"623":0,"624":0,"627":0,"628":0,"629":0,"630":0,"633":0,"634":0,"635":0,"636":0,"639":0,"640":0,"641":0,"642":0,"645":0,"646":0,"647":0,"648":0,"651":0,"652":0,"653":0,"654":0,"655":0,"658":0,"659":0,"660":0,"661":0,"662":0,"663":0,"664":0,"667":0,"668":0,"669":0,"670":0,"674":0,"675":0,"676":0,"677":0,"678":0,"679":0,"680":0,"681":0,"682":0,"683":0,"684":0,"687":0,"689":0,"690":0,"694":0,"695":0,"696":0,"697":0,"698":0,"699":0,"700":0,"701":0,"702":0,"703":0,"706":0,"708":0,"711":1,"714":1,"715":0,"717":1,"720":0,"723":0,"724":0,"727":0,"730":0,"731":0,"732":0,"735":0,"736":0,"741":0,"742":0,"744":0,"748":0,"751":0,"755":0,"759":0,"760":0,"764":0,"767":0,"768":0,"771":0,"772":0,"773":0,"776":0,"780":0,"781":0,"782":0,"783":0,"784":0,"787":0,"791":0,"792":0,"793":0,"794":0,"795":0,"798":0,"803":1,"804":1,"807":1,"808":1,"810":1,"811":1,"814":1,"816":1,"819":0,"822":0,"823":0,"824":0,"827":0,"831":0,"834":0,"837":0,"838":0,"839":0,"840":0,"841":0,"844":1,"845":1,"847":1,"851":0,"852":0,"853":0,"854":0,"855":0,"856":0,"857":0,"858":0,"860":0,"863":1,"864":1,"866":1,"870":1,"872":1,"874":1,"878":1,"881":1,"883":1,"884":1,"886":1,"888":1,"889":1,"891":1,"893":1,"894":1,"896":1,"898":1,"899":1,"901":1,"903":1,"904":1,"905":1,"908":1,"910":1,"911":1,"912":1,"913":1,"914":0,"916":1,"917":1,"918":0,"919":0,"920":0,"921":0,"923":0,"925":0,"926":0,"928":0,"934":0,"936":0,"938":1,"939":0,"940":0,"941":0,"942":0,"944":0,"946":0,"949":0,"951":0,"952":0,"955":0,"956":0,"965":0,"967":1,"968":0,"969":0,"970":0,"971":0,"972":0,"973":0,"976":0,"980":0,"982":0,"983":0,"984":0,"985":0,"986":0,"987":0,"989":0,"990":0,"994":0,"996":0,"997":0,"998":0,"999":0,"1000":0,"1003":0,"1004":0,"1005":0,"1006":0,"1007":0,"1008":0,"1009":0,"1010":0,"1012":0,"1015":0,"1016":0,"1017":0,"1018":0,"1019":0,"1020":0,"1023":0,"1024":0,"1026":0,"1027":0,"1028":0,"1029":0,"1031":0,"1033":0,"1037":0,"1038":0,"1039":0,"1042":0,"1044":0,"1048":0,"1051":0,"1052":0,"1053":0,"1054":0,"1056":0,"1058":0,"1060":0,"1062":0,"1064":0,"1066":0,"1067":0,"1068":0,"1069":0,"1070":0,"1071":0,"1072":0,"1074":0,"1075":0,"1076":0,"1078":0,"1079":0,"1080":0,"1082":0,"1084":0,"1086":0,"1088":0,"1092":0,"1095":1,"1096":0,"1097":0,"1099":0,"1100":0,"1107":0,"1109":0,"1110":0,"1126":0,"1127":0,"1129":0,"1130":0,"1131":0,"1132":0,"1133":0,"1134":0,"1135":0,"1138":0,"1143":1,"1144":0,"1145":0,"1146":0,"1147":0,"1148":0,"1149":0,"1153":0,"1154":0,"1156":0,"1157":0,"1159":0,"1160":0,"1161":0,"1162":0,"1163":0,"1164":0,"1166":0,"1168":0,"1170":0,"1171":0,"1172":0,"1173":0,"1174":0,"1177":0,"1180":1,"1181":0,"1184":1,"1185":1,"1186":1,"1188":0,"1189":0,"1192":1,"1194":0,"1197":0,"1200":0,"1201":0,"1203":0,"1204":0,"1206":0,"1209":0,"1210":0,"1211":0,"1216":1,"1217":0,"1220":0,"1221":0,"1222":0,"1223":0,"1224":0,"1226":0,"1228":0,"1230":0,"1233":1,"1235":0,"1242":1,"1243":1}},"/home/travis/build/npmtest/node-npmtest-xmldom/node_modules/xmldom/__package__.js":{"path":"/home/travis/build/npmtest/node-npmtest-xmldom/node_modules/xmldom/__package__.js","s":{"1":2,"2":0,"3":0},"b":{},"f":{},"fnMap":{},"statementMap":{"1":{"start":{"line":1,"column":0},"end":{"line":1,"column":63}},"2":{"start":{"line":2,"column":0},"end":{"line":3,"column":37}},"3":{"start":{"line":4,"column":0},"end":{"line":4,"column":37}}},"branchMap":{},"code":["this.addScript('dom.js',['DOMImplementation','XMLSerializer']);","this.addScript('dom-parser.js',['DOMHandler','DOMParser'],","\t\t['DOMImplementation','XMLReader']);","this.addScript('sax.js','XMLReader');"],"l":{"1":2,"2":0,"4":0}}}